This file contains any messages produced by compilers while
running configure, to aid debugging if configure makes a mistake.

It was created by configure, which was
generated by GNU Autoconf 2.57.  Invocation command line was

  $ ./configure 

## --------- ##
## Platform. ##
## --------- ##

hostname = Phoenixs-MacBook-Pro.local
uname -m = x86_64
uname -r = 19.6.0
uname -s = Darwin
uname -v = Darwin Kernel Version 19.6.0: Mon Aug 31 22:12:52 PDT 2020; root:xnu-6153.141.2~1/RELEASE_X86_64

/usr/bin/uname -p = i386
/bin/uname -X     = unknown

/bin/arch              = unknown
/usr/bin/arch -k       = unknown
/usr/convex/getsysinfo = unknown
hostinfo               = Mach kernel version:
	 Darwin Kernel Version 19.6.0: Mon Aug 31 22:12:52 PDT 2020; root:xnu-6153.141.2~1/RELEASE_X86_64
Kernel configured for up to 8 processors.
4 processors are physically available.
8 processors are logically available.
Processor type: x86_64h (Intel x86-64h Haswell)
Processors active: 0 1 2 3 4 5 6 7
Primary memory available: 8.00 gigabytes
Default processor set: 401 tasks, 2569 threads, 8 processors
Load average: 2.00, Mach factor: 5.98
/bin/machine           = unknown
/usr/bin/oslevel       = unknown
/bin/universe          = unknown

PATH: /usr/local/sbin
PATH: /Users/phoenixcamacho/.rbenv/shims
PATH: /Users/phoenixcamacho/Downloads/google-cloud-sdk/bin
PATH: /Users/phoenixcamacho/bin
PATH: /usr/local/bin
PATH: /usr/local/bin
PATH: /usr/bin
PATH: /bin
PATH: /usr/sbin
PATH: /sbin
PATH: /Library/Apple/usr/bin


## ----------- ##
## Core tests. ##
## ----------- ##

configure:1325: checking build system type
configure:1343: result: i386-apple-darwin19.6.0
configure:1351: checking host system type
configure:1365: result: i386-apple-darwin19.6.0
configure:1373: checking target system type
configure:1387: result: i386-apple-darwin19.6.0
configure:1414: checking for a BSD-compatible install
configure:1468: result: /usr/bin/install -c
configure:1479: checking whether build environment is sane
configure:1522: result: yes
configure:1555: checking for gawk
configure:1584: result: no
configure:1555: checking for mawk
configure:1584: result: no
configure:1555: checking for nawk
configure:1584: result: no
configure:1555: checking for awk
configure:1571: found /usr/bin/awk
configure:1581: result: awk
configure:1591: checking whether make sets $(MAKE)
configure:1611: result: yes
configure:1821: checking for g++
configure:1837: found /usr/bin/g++
configure:1847: result: g++
configure:1863: checking for C++ compiler version
configure:1866: g++ --version </dev/null >&5
Configured with: --prefix=/Library/Developer/CommandLineTools/usr --with-gxx-include-dir=/Library/Developer/CommandLineTools/SDKs/MacOSX.sdk/usr/include/c++/4.2.1
Apple clang version 11.0.0 (clang-1100.0.33.17)
Target: x86_64-apple-darwin19.6.0
Thread model: posix
InstalledDir: /Library/Developer/CommandLineTools/usr/bin
configure:1869: $? = 0
configure:1871: g++ -v </dev/null >&5
Configured with: --prefix=/Library/Developer/CommandLineTools/usr --with-gxx-include-dir=/Library/Developer/CommandLineTools/SDKs/MacOSX.sdk/usr/include/c++/4.2.1
Apple clang version 11.0.0 (clang-1100.0.33.17)
Target: x86_64-apple-darwin19.6.0
Thread model: posix
InstalledDir: /Library/Developer/CommandLineTools/usr/bin
configure:1874: $? = 0
configure:1876: g++ -V </dev/null >&5
clang: error: unsupported option '-V -Wno-framework-include-private-from-public'
clang: error: no input files
configure:1879: $? = 1
configure:1903: checking for C++ compiler default output
configure:1906: g++    conftest.cc  >&5
configure:1909: $? = 0
configure:1955: result: a.out
configure:1960: checking whether the C++ compiler works
configure:1966: ./a.out
configure:1969: $? = 0
configure:1986: result: yes
configure:1993: checking whether we are cross compiling
configure:1995: result: no
configure:1998: checking for suffix of executables
configure:2000: g++ -o conftest    conftest.cc  >&5
configure:2003: $? = 0
configure:2028: result: 
configure:2034: checking for suffix of object files
configure:2056: g++ -c   conftest.cc >&5
configure:2059: $? = 0
configure:2081: result: o
configure:2085: checking whether we are using the GNU C++ compiler
configure:2110: g++ -c   conftest.cc >&5
configure:2113: $? = 0
configure:2116: test -s conftest.o
configure:2119: $? = 0
configure:2132: result: yes
configure:2138: checking whether g++ accepts -g
configure:2160: g++ -c -g  conftest.cc >&5
configure:2163: $? = 0
configure:2166: test -s conftest.o
configure:2169: $? = 0
configure:2180: result: yes
configure:2224: g++ -c -g -O2  conftest.cc >&5
configure:2227: $? = 0
configure:2230: test -s conftest.o
configure:2233: $? = 0
configure:2260: g++ -c -g -O2  conftest.cc >&5
configure:2257:1: error: use of undeclared identifier 'exit'
exit (42);
^
1 error generated.
configure:2263: $? = 1
configure: failed program was:
| #line 2243 "configure"
| /* confdefs.h.  */
| 
| #define PACKAGE_NAME ""
| #define PACKAGE_TARNAME ""
| #define PACKAGE_VERSION ""
| #define PACKAGE_STRING ""
| #define PACKAGE_BUGREPORT ""
| #define PACKAGE "steghide"
| #define VERSION "0.5.1"
| /* end confdefs.h.  */
| 
| int
| main ()
| {
| exit (42);
|   ;
|   return 0;
| }
configure:2224: g++ -c -g -O2  conftest.cc >&5
configure:2227: $? = 0
configure:2230: test -s conftest.o
configure:2233: $? = 0
configure:2260: g++ -c -g -O2  conftest.cc >&5
configure:2263: $? = 0
configure:2266: test -s conftest.o
configure:2269: $? = 0
configure:2311: checking for style of include used by make
configure:2339: result: GNU
configure:2367: checking dependency style of g++
configure:2429: result: gcc3
configure:2458: checking for a BSD-compatible install
configure:2512: result: /usr/bin/install -c
configure:2527: checking for gawk
configure:2553: result: awk
configure:2563: checking whether ln -s works
configure:2567: result: yes
configure:2621: checking for gcc
configure:2637: found /usr/bin/gcc
configure:2647: result: gcc
configure:2891: checking for C compiler version
configure:2894: gcc --version </dev/null >&5
Configured with: --prefix=/Library/Developer/CommandLineTools/usr --with-gxx-include-dir=/Library/Developer/CommandLineTools/SDKs/MacOSX.sdk/usr/include/c++/4.2.1
Apple clang version 11.0.0 (clang-1100.0.33.17)
Target: x86_64-apple-darwin19.6.0
Thread model: posix
InstalledDir: /Library/Developer/CommandLineTools/usr/bin
configure:2897: $? = 0
configure:2899: gcc -v </dev/null >&5
Configured with: --prefix=/Library/Developer/CommandLineTools/usr --with-gxx-include-dir=/Library/Developer/CommandLineTools/SDKs/MacOSX.sdk/usr/include/c++/4.2.1
Apple clang version 11.0.0 (clang-1100.0.33.17)
Target: x86_64-apple-darwin19.6.0
Thread model: posix
InstalledDir: /Library/Developer/CommandLineTools/usr/bin
configure:2902: $? = 0
configure:2904: gcc -V </dev/null >&5
clang: error: unsupported option '-V -Wno-framework-include-private-from-public'
clang: error: no input files
configure:2907: $? = 1
configure:2910: checking whether we are using the GNU C compiler
configure:2935: gcc -c   conftest.c >&5
configure:2938: $? = 0
configure:2941: test -s conftest.o
configure:2944: $? = 0
configure:2957: result: yes
configure:2963: checking whether gcc accepts -g
configure:2985: gcc -c -g  conftest.c >&5
configure:2988: $? = 0
configure:2991: test -s conftest.o
configure:2994: $? = 0
configure:3005: result: yes
configure:3022: checking for gcc option to accept ANSI C
configure:3083: gcc  -c -g -O2  conftest.c >&5
configure:3086: $? = 0
configure:3089: test -s conftest.o
configure:3092: $? = 0
configure:3110: result: none needed
configure:3128: gcc -c -g -O2  conftest.c >&5
conftest.c:2:3: error: unknown type name 'choke'
  choke me
  ^
conftest.c:2:11: error: expected ';' after top level declarator
  choke me
          ^
          ;
2 errors generated.
configure:3131: $? = 1
configure: failed program was:
| #ifndef __cplusplus
|   choke me
| #endif
configure:3242: checking dependency style of gcc
configure:3304: result: gcc3
configure:3326: checking for strchr
configure:3376: gcc -o conftest -g -O2   conftest.c  >&5
configure:3360:6: warning: incompatible redeclaration of library function 'strchr' [-Wincompatible-library-redeclaration]
char strchr ();
     ^
configure:3360:6: note: 'strchr' is a builtin with type 'char *(const char *, int)'
1 warning generated.
configure:3379: $? = 0
configure:3382: test -s conftest
configure:3385: $? = 0
configure:3396: result: yes
configure:3421: checking for msgfmt
configure:3449: result: /usr/local/bin/msgfmt
configure:3458: checking for gmsgfmt
configure:3489: result: /usr/local/bin/msgfmt
configure:3499: checking for xgettext
configure:3527: result: /usr/local/bin/xgettext
configure:3538: checking for msgmerge
configure:3565: result: /usr/local/bin/msgmerge
configure:3641: checking for ranlib
configure:3657: found /usr/bin/ranlib
configure:3668: result: ranlib
configure:3681: checking for strerror in -lcposix
configure:3712: gcc -o conftest -g -O2   conftest.c -lcposix   >&5
configure:3709:6: warning: incompatible redeclaration of library function 'strerror' [-Wincompatible-library-redeclaration]
char strerror ();
     ^
configure:3709:6: note: 'strerror' is a builtin with type 'char *(int)'
1 warning generated.
ld: library not found for -lcposix
clang: error: linker command failed with exit code 1 (use -v to see invocation)
configure:3715: $? = 1
configure: failed program was:
| #line 3688 "configure"
| /* confdefs.h.  */
| 
| #define PACKAGE_NAME ""
| #define PACKAGE_TARNAME ""
| #define PACKAGE_VERSION ""
| #define PACKAGE_STRING ""
| #define PACKAGE_BUGREPORT ""
| #define PACKAGE "steghide"
| #define VERSION "0.5.1"
| #ifdef __cplusplus
| #include <stdlib.h>
| #endif
| #define HAVE_STRCHR 1
| /* end confdefs.h.  */
| 
| /* Override any gcc2 internal prototype to avoid an error.  */
| #ifdef __cplusplus
| extern "C"
| #endif
| /* We use char because int might match the return type of a gcc2
|    builtin and then its argument prototype would still apply.  */
| char strerror ();
| int
| main ()
| {
| strerror ();
|   ;
|   return 0;
| }
configure:3733: result: no
configure:3746: checking how to run the C preprocessor
configure:3782: gcc -E  conftest.c
configure:3788: $? = 0
configure:3820: gcc -E  conftest.c
configure:3825:10: fatal error: 'ac_nonexistent.h' file not found
#include <ac_nonexistent.h>
         ^~~~~~~~~~~~~~~~~~
1 error generated.
configure:3826: $? = 1
configure: failed program was:
| #line 3811 "configure"
| /* confdefs.h.  */
| 
| #define PACKAGE_NAME ""
| #define PACKAGE_TARNAME ""
| #define PACKAGE_VERSION ""
| #define PACKAGE_STRING ""
| #define PACKAGE_BUGREPORT ""
| #define PACKAGE "steghide"
| #define VERSION "0.5.1"
| #ifdef __cplusplus
| #include <stdlib.h>
| #endif
| #define HAVE_STRCHR 1
| /* end confdefs.h.  */
| #include <ac_nonexistent.h>
configure:3864: result: gcc -E
configure:3889: gcc -E  conftest.c
configure:3895: $? = 0
configure:3927: gcc -E  conftest.c
configure:3932:10: fatal error: 'ac_nonexistent.h' file not found
#include <ac_nonexistent.h>
         ^~~~~~~~~~~~~~~~~~
1 error generated.
configure:3933: $? = 1
configure: failed program was:
| #line 3918 "configure"
| /* confdefs.h.  */
| 
| #define PACKAGE_NAME ""
| #define PACKAGE_TARNAME ""
| #define PACKAGE_VERSION ""
| #define PACKAGE_STRING ""
| #define PACKAGE_BUGREPORT ""
| #define PACKAGE "steghide"
| #define VERSION "0.5.1"
| #ifdef __cplusplus
| #include <stdlib.h>
| #endif
| #define HAVE_STRCHR 1
| /* end confdefs.h.  */
| #include <ac_nonexistent.h>
configure:3976: checking for egrep
configure:3986: result: grep -E
configure:3991: checking for ANSI C header files
configure:4017: gcc -c -g -O2  conftest.c >&5
configure:4020: $? = 0
configure:4023: test -s conftest.o
configure:4026: $? = 0
configure:4118: gcc -o conftest -g -O2   conftest.c  >&5
configure:4117:7: warning: implicitly declaring library function 'exit' with type 'void (int) __attribute__((noreturn))' [-Wimplicit-function-declaration]
      exit(2);
      ^
configure:4117:7: note: include the header <stdlib.h> or explicitly provide a declaration for 'exit'
1 warning generated.
configure:4121: $? = 0
configure:4123: ./conftest
configure:4126: $? = 0
configure:4141: result: yes
configure:4151: checking for an ANSI C-conforming const
configure:4219: gcc -c -g -O2  conftest.c >&5
configure:4222: $? = 0
configure:4225: test -s conftest.o
configure:4228: $? = 0
configure:4239: result: yes
configure:4249: checking for inline
configure:4271: gcc -c -g -O2  conftest.c >&5
configure:4274: $? = 0
configure:4277: test -s conftest.o
configure:4280: $? = 0
configure:4292: result: inline
configure:4321: checking for sys/types.h
configure:4338: gcc -c -g -O2  conftest.c >&5
configure:4341: $? = 0
configure:4344: test -s conftest.o
configure:4347: $? = 0
configure:4358: result: yes
configure:4321: checking for sys/stat.h
configure:4338: gcc -c -g -O2  conftest.c >&5
configure:4341: $? = 0
configure:4344: test -s conftest.o
configure:4347: $? = 0
configure:4358: result: yes
configure:4321: checking for stdlib.h
configure:4338: gcc -c -g -O2  conftest.c >&5
configure:4341: $? = 0
configure:4344: test -s conftest.o
configure:4347: $? = 0
configure:4358: result: yes
configure:4321: checking for string.h
configure:4338: gcc -c -g -O2  conftest.c >&5
configure:4341: $? = 0
configure:4344: test -s conftest.o
configure:4347: $? = 0
configure:4358: result: yes
configure:4321: checking for memory.h
configure:4338: gcc -c -g -O2  conftest.c >&5
configure:4341: $? = 0
configure:4344: test -s conftest.o
configure:4347: $? = 0
configure:4358: result: yes
configure:4321: checking for strings.h
configure:4338: gcc -c -g -O2  conftest.c >&5
configure:4341: $? = 0
configure:4344: test -s conftest.o
configure:4347: $? = 0
configure:4358: result: yes
configure:4321: checking for inttypes.h
configure:4338: gcc -c -g -O2  conftest.c >&5
configure:4341: $? = 0
configure:4344: test -s conftest.o
configure:4347: $? = 0
configure:4358: result: yes
configure:4321: checking for stdint.h
configure:4338: gcc -c -g -O2  conftest.c >&5
configure:4341: $? = 0
configure:4344: test -s conftest.o
configure:4347: $? = 0
configure:4358: result: yes
configure:4321: checking for unistd.h
configure:4338: gcc -c -g -O2  conftest.c >&5
configure:4341: $? = 0
configure:4344: test -s conftest.o
configure:4347: $? = 0
configure:4358: result: yes
configure:4370: checking for off_t
configure:4395: gcc -c -g -O2  conftest.c >&5
configure:4398: $? = 0
configure:4401: test -s conftest.o
configure:4404: $? = 0
configure:4415: result: yes
configure:4427: checking for size_t
configure:4452: gcc -c -g -O2  conftest.c >&5
configure:4455: $? = 0
configure:4458: test -s conftest.o
configure:4461: $? = 0
configure:4472: result: yes
configure:4486: checking for working alloca.h
configure:4508: gcc -o conftest -g -O2   conftest.c  >&5
configure:4511: $? = 0
configure:4514: test -s conftest
configure:4517: $? = 0
configure:4528: result: yes
configure:4538: checking for alloca
configure:4580: gcc -o conftest -g -O2   conftest.c  >&5
configure:4583: $? = 0
configure:4586: test -s conftest
configure:4589: $? = 0
configure:4600: result: yes
configure:4813: checking for stdlib.h
configure:4818: result: yes
configure:4813: checking for unistd.h
configure:4818: result: yes
configure:4954: checking for getpagesize
configure:5004: gcc -o conftest -g -O2   conftest.c  >&5
configure:5007: $? = 0
configure:5010: test -s conftest
configure:5013: $? = 0
configure:5024: result: yes
configure:5034: checking for working mmap
configure:5177: gcc -o conftest -g -O2   conftest.c  >&5
configure:5180: $? = 0
configure:5182: ./conftest
configure:5185: $? = 0
configure:5199: result: yes
configure:5211: checking whether we are using the GNU C Library 2.1 or newer
configure:5247:10: fatal error: 'features.h' file not found
#include <features.h>
         ^~~~~~~~~~~~
1 error generated.
configure:5243: result: no
configure:5251: checking whether integer division by zero raises SIGFPE
configure:5314: gcc -o conftest -g -O2   conftest.c  >&5
configure:5316:5: error: redefinition of 'nan' as different kind of symbol
int nan;
    ^
configure:5316:5: note: unguarded header; consider using #ifdef guards or #pragma once
configure:5316:5: note: previous definition is here
configure:5331:7: error: non-object type 'double (const char *)' is not assignable
  nan = y / y;
  ~~~ ^
2 errors generated.
configure:5317: $? = 1
configure: program exited with status 1
configure: failed program was:
| #line 5268 "configure"
| /* confdefs.h.  */
| 
| #define PACKAGE_NAME ""
| #define PACKAGE_TARNAME ""
| #define PACKAGE_VERSION ""
| #define PACKAGE_STRING ""
| #define PACKAGE_BUGREPORT ""
| #define PACKAGE "steghide"
| #define VERSION "0.5.1"
| #ifdef __cplusplus
| #include <stdlib.h>
| #endif
| #define HAVE_STRCHR 1
| #define STDC_HEADERS 1
| #define HAVE_SYS_TYPES_H 1
| #define HAVE_SYS_STAT_H 1
| #define HAVE_STDLIB_H 1
| #define HAVE_STRING_H 1
| #define HAVE_MEMORY_H 1
| #define HAVE_STRINGS_H 1
| #define HAVE_INTTYPES_H 1
| #define HAVE_STDINT_H 1
| #define HAVE_UNISTD_H 1
| #define HAVE_ALLOCA_H 1
| #define HAVE_ALLOCA 1
| #define HAVE_STDLIB_H 1
| #define HAVE_UNISTD_H 1
| #define HAVE_GETPAGESIZE 1
| #define HAVE_MMAP 1
| /* end confdefs.h.  */
| 
| #include <stdlib.h>
| #include <signal.h>
| 
| static void
| #ifdef __cplusplus
| sigfpe_handler (int sig)
| #else
| sigfpe_handler (sig) int sig;
| #endif
| {
|   /* Exit with code 0 if SIGFPE, with code 1 if any other signal.  */
|   exit (sig != SIGFPE);
| }
| 
| int x = 1;
| int y = 0;
| int z;
| int nan;
| 
| int main ()
| {
|   signal (SIGFPE, sigfpe_handler);
| /* IRIX and AIX (when "xlc -qcheck" is used) yield signal SIGTRAP.  */
| #if (defined (__sgi) || defined (_AIX)) && defined (SIGTRAP)
|   signal (SIGTRAP, sigfpe_handler);
| #endif
| /* Linux/SPARC yields signal SIGILL.  */
| #if defined (__sparc__) && defined (__linux__)
|   signal (SIGILL, sigfpe_handler);
| #endif
| 
|   z = x / y;
|   nan = y / y;
|   exit (1);
| }
| 
configure:5337: result: no
configure:5350: checking for inttypes.h
configure:5373: gcc -c -g -O2  conftest.c >&5
configure:5376: $? = 0
configure:5379: test -s conftest.o
configure:5382: $? = 0
configure:5393: result: yes
configure:5404: checking for stdint.h
configure:5427: gcc -c -g -O2  conftest.c >&5
configure:5430: $? = 0
configure:5433: test -s conftest.o
configure:5436: $? = 0
configure:5447: result: yes
configure:5458: checking for unsigned long long
configure:5481: gcc -o conftest -g -O2   conftest.c  >&5
configure:5484: $? = 0
configure:5487: test -s conftest
configure:5490: $? = 0
configure:5501: result: yes
configure:5527: checking for inttypes.h
configure:5551: gcc -c -g -O2  conftest.c >&5
configure:5554: $? = 0
configure:5557: test -s conftest.o
configure:5560: $? = 0
configure:5572: result: yes
configure:5585: checking whether the inttypes.h PRIxNN macros are broken
configure:5612: gcc -c -g -O2  conftest.c >&5
configure:5615: $? = 0
configure:5618: test -s conftest.o
configure:5621: $? = 0
configure:5633: result: no
configure:5671: checking for ld used by GCC
configure:5734: result: /Library/Developer/CommandLineTools/usr/bin/ld
configure:5743: checking if the linker (/Library/Developer/CommandLineTools/usr/bin/ld) is GNU ld
configure:5755: result: no
configure:5761: checking for shared library run path origin
configure:5774: result: done
configure:6202: checking argz.h usability
configure:6215: gcc -c -g -O2  conftest.c >&5
configure:6273:10: fatal error: 'argz.h' file not found
#include <argz.h>
         ^~~~~~~~
1 error generated.
configure:6218: $? = 1
configure: failed program was:
| #line 6204 "configure"
| /* confdefs.h.  */
| 
| #define PACKAGE_NAME ""
| #define PACKAGE_TARNAME ""
| #define PACKAGE_VERSION ""
| #define PACKAGE_STRING ""
| #define PACKAGE_BUGREPORT ""
| #define PACKAGE "steghide"
| #define VERSION "0.5.1"
| #ifdef __cplusplus
| #include <stdlib.h>
| #endif
| #define HAVE_STRCHR 1
| #define STDC_HEADERS 1
| #define HAVE_SYS_TYPES_H 1
| #define HAVE_SYS_STAT_H 1
| #define HAVE_STDLIB_H 1
| #define HAVE_STRING_H 1
| #define HAVE_MEMORY_H 1
| #define HAVE_STRINGS_H 1
| #define HAVE_INTTYPES_H 1
| #define HAVE_STDINT_H 1
| #define HAVE_UNISTD_H 1
| #define HAVE_ALLOCA_H 1
| #define HAVE_ALLOCA 1
| #define HAVE_STDLIB_H 1
| #define HAVE_UNISTD_H 1
| #define HAVE_GETPAGESIZE 1
| #define HAVE_MMAP 1
| #define INTDIV0_RAISES_SIGFPE 0
| #define HAVE_INTTYPES_H_WITH_UINTMAX 1
| #define HAVE_STDINT_H_WITH_UINTMAX 1
| #define HAVE_UNSIGNED_LONG_LONG 1
| #define HAVE_INTTYPES_H 1
| /* end confdefs.h.  */
| #include <stdio.h>
| #if HAVE_SYS_TYPES_H
| # include <sys/types.h>
| #endif
| #if HAVE_SYS_STAT_H
| # include <sys/stat.h>
| #endif
| #if STDC_HEADERS
| # include <stdlib.h>
| # include <stddef.h>
| #else
| # if HAVE_STDLIB_H
| #  include <stdlib.h>
| # endif
| #endif
| #if HAVE_STRING_H
| # if !STDC_HEADERS && HAVE_MEMORY_H
| #  include <memory.h>
| # endif
| # include <string.h>
| #endif
| #if HAVE_STRINGS_H
| # include <strings.h>
| #endif
| #if HAVE_INTTYPES_H
| # include <inttypes.h>
| #else
| # if HAVE_STDINT_H
| #  include <stdint.h>
| # endif
| #endif
| #if HAVE_UNISTD_H
| # include <unistd.h>
| #endif
| #include <argz.h>
configure:6234: result: no
configure:6238: checking argz.h presence
configure:6249: gcc -E  conftest.c
configure:6275:10: fatal error: 'argz.h' file not found
#include <argz.h>
         ^~~~~~~~
1 error generated.
configure:6255: $? = 1
configure: failed program was:
| #line 6240 "configure"
| /* confdefs.h.  */
| 
| #define PACKAGE_NAME ""
| #define PACKAGE_TARNAME ""
| #define PACKAGE_VERSION ""
| #define PACKAGE_STRING ""
| #define PACKAGE_BUGREPORT ""
| #define PACKAGE "steghide"
| #define VERSION "0.5.1"
| #ifdef __cplusplus
| #include <stdlib.h>
| #endif
| #define HAVE_STRCHR 1
| #define STDC_HEADERS 1
| #define HAVE_SYS_TYPES_H 1
| #define HAVE_SYS_STAT_H 1
| #define HAVE_STDLIB_H 1
| #define HAVE_STRING_H 1
| #define HAVE_MEMORY_H 1
| #define HAVE_STRINGS_H 1
| #define HAVE_INTTYPES_H 1
| #define HAVE_STDINT_H 1
| #define HAVE_UNISTD_H 1
| #define HAVE_ALLOCA_H 1
| #define HAVE_ALLOCA 1
| #define HAVE_STDLIB_H 1
| #define HAVE_UNISTD_H 1
| #define HAVE_GETPAGESIZE 1
| #define HAVE_MMAP 1
| #define INTDIV0_RAISES_SIGFPE 0
| #define HAVE_INTTYPES_H_WITH_UINTMAX 1
| #define HAVE_STDINT_H_WITH_UINTMAX 1
| #define HAVE_UNSIGNED_LONG_LONG 1
| #define HAVE_INTTYPES_H 1
| /* end confdefs.h.  */
| #include <argz.h>
configure:6274: result: no
configure:6310: checking for argz.h
configure:6317: result: no
configure:6202: checking limits.h usability
configure:6215: gcc -c -g -O2  conftest.c >&5
configure:6218: $? = 0
configure:6221: test -s conftest.o
configure:6224: $? = 0
configure:6234: result: yes
configure:6238: checking limits.h presence
configure:6249: gcc -E  conftest.c
configure:6255: $? = 0
configure:6274: result: yes
configure:6310: checking for limits.h
configure:6317: result: yes
configure:6202: checking locale.h usability
configure:6215: gcc -c -g -O2  conftest.c >&5
configure:6218: $? = 0
configure:6221: test -s conftest.o
configure:6224: $? = 0
configure:6234: result: yes
configure:6238: checking locale.h presence
configure:6249: gcc -E  conftest.c
configure:6255: $? = 0
configure:6274: result: yes
configure:6310: checking for locale.h
configure:6317: result: yes
configure:6202: checking nl_types.h usability
configure:6215: gcc -c -g -O2  conftest.c >&5
configure:6218: $? = 0
configure:6221: test -s conftest.o
configure:6224: $? = 0
configure:6234: result: yes
configure:6238: checking nl_types.h presence
configure:6249: gcc -E  conftest.c
configure:6255: $? = 0
configure:6274: result: yes
configure:6310: checking for nl_types.h
configure:6317: result: yes
configure:6202: checking malloc.h usability
configure:6215: gcc -c -g -O2  conftest.c >&5
configure:6276:10: fatal error: 'malloc.h' file not found
#include <malloc.h>
         ^~~~~~~~~~
1 error generated.
configure:6218: $? = 1
configure: failed program was:
| #line 6204 "configure"
| /* confdefs.h.  */
| 
| #define PACKAGE_NAME ""
| #define PACKAGE_TARNAME ""
| #define PACKAGE_VERSION ""
| #define PACKAGE_STRING ""
| #define PACKAGE_BUGREPORT ""
| #define PACKAGE "steghide"
| #define VERSION "0.5.1"
| #ifdef __cplusplus
| #include <stdlib.h>
| #endif
| #define HAVE_STRCHR 1
| #define STDC_HEADERS 1
| #define HAVE_SYS_TYPES_H 1
| #define HAVE_SYS_STAT_H 1
| #define HAVE_STDLIB_H 1
| #define HAVE_STRING_H 1
| #define HAVE_MEMORY_H 1
| #define HAVE_STRINGS_H 1
| #define HAVE_INTTYPES_H 1
| #define HAVE_STDINT_H 1
| #define HAVE_UNISTD_H 1
| #define HAVE_ALLOCA_H 1
| #define HAVE_ALLOCA 1
| #define HAVE_STDLIB_H 1
| #define HAVE_UNISTD_H 1
| #define HAVE_GETPAGESIZE 1
| #define HAVE_MMAP 1
| #define INTDIV0_RAISES_SIGFPE 0
| #define HAVE_INTTYPES_H_WITH_UINTMAX 1
| #define HAVE_STDINT_H_WITH_UINTMAX 1
| #define HAVE_UNSIGNED_LONG_LONG 1
| #define HAVE_INTTYPES_H 1
| #define HAVE_LIMITS_H 1
| #define HAVE_LOCALE_H 1
| #define HAVE_NL_TYPES_H 1
| /* end confdefs.h.  */
| #include <stdio.h>
| #if HAVE_SYS_TYPES_H
| # include <sys/types.h>
| #endif
| #if HAVE_SYS_STAT_H
| # include <sys/stat.h>
| #endif
| #if STDC_HEADERS
| # include <stdlib.h>
| # include <stddef.h>
| #else
| # if HAVE_STDLIB_H
| #  include <stdlib.h>
| # endif
| #endif
| #if HAVE_STRING_H
| # if !STDC_HEADERS && HAVE_MEMORY_H
| #  include <memory.h>
| # endif
| # include <string.h>
| #endif
| #if HAVE_STRINGS_H
| # include <strings.h>
| #endif
| #if HAVE_INTTYPES_H
| # include <inttypes.h>
| #else
| # if HAVE_STDINT_H
| #  include <stdint.h>
| # endif
| #endif
| #if HAVE_UNISTD_H
| # include <unistd.h>
| #endif
| #include <malloc.h>
configure:6234: result: no
configure:6238: checking malloc.h presence
configure:6249: gcc -E  conftest.c
configure:6278:10: fatal error: 'malloc.h' file not found
#include <malloc.h>
         ^~~~~~~~~~
1 error generated.
configure:6255: $? = 1
configure: failed program was:
| #line 6240 "configure"
| /* confdefs.h.  */
| 
| #define PACKAGE_NAME ""
| #define PACKAGE_TARNAME ""
| #define PACKAGE_VERSION ""
| #define PACKAGE_STRING ""
| #define PACKAGE_BUGREPORT ""
| #define PACKAGE "steghide"
| #define VERSION "0.5.1"
| #ifdef __cplusplus
| #include <stdlib.h>
| #endif
| #define HAVE_STRCHR 1
| #define STDC_HEADERS 1
| #define HAVE_SYS_TYPES_H 1
| #define HAVE_SYS_STAT_H 1
| #define HAVE_STDLIB_H 1
| #define HAVE_STRING_H 1
| #define HAVE_MEMORY_H 1
| #define HAVE_STRINGS_H 1
| #define HAVE_INTTYPES_H 1
| #define HAVE_STDINT_H 1
| #define HAVE_UNISTD_H 1
| #define HAVE_ALLOCA_H 1
| #define HAVE_ALLOCA 1
| #define HAVE_STDLIB_H 1
| #define HAVE_UNISTD_H 1
| #define HAVE_GETPAGESIZE 1
| #define HAVE_MMAP 1
| #define INTDIV0_RAISES_SIGFPE 0
| #define HAVE_INTTYPES_H_WITH_UINTMAX 1
| #define HAVE_STDINT_H_WITH_UINTMAX 1
| #define HAVE_UNSIGNED_LONG_LONG 1
| #define HAVE_INTTYPES_H 1
| #define HAVE_LIMITS_H 1
| #define HAVE_LOCALE_H 1
| #define HAVE_NL_TYPES_H 1
| /* end confdefs.h.  */
| #include <malloc.h>
configure:6274: result: no
configure:6310: checking for malloc.h
configure:6317: result: no
configure:6202: checking stddef.h usability
configure:6215: gcc -c -g -O2  conftest.c >&5
configure:6218: $? = 0
configure:6221: test -s conftest.o
configure:6224: $? = 0
configure:6234: result: yes
configure:6238: checking stddef.h presence
configure:6249: gcc -E  conftest.c
configure:6255: $? = 0
configure:6274: result: yes
configure:6310: checking for stddef.h
configure:6317: result: yes
configure:6193: checking for stdlib.h
configure:6198: result: yes
configure:6193: checking for string.h
configure:6198: result: yes
configure:6193: checking for unistd.h
configure:6198: result: yes
configure:6202: checking sys/param.h usability
configure:6215: gcc -c -g -O2  conftest.c >&5
configure:6218: $? = 0
configure:6221: test -s conftest.o
configure:6224: $? = 0
configure:6234: result: yes
configure:6238: checking sys/param.h presence
configure:6249: gcc -E  conftest.c
configure:6255: $? = 0
configure:6274: result: yes
configure:6310: checking for sys/param.h
configure:6317: result: yes
configure:6356: checking for feof_unlocked
configure:6406: gcc -o conftest -g -O2   conftest.c  >&5
configure:6409: $? = 0
configure:6412: test -s conftest
configure:6415: $? = 0
configure:6426: result: yes
configure:6356: checking for fgets_unlocked
configure:6406: gcc -o conftest -g -O2   conftest.c  >&5
Undefined symbols for architecture x86_64:
  "_fgets_unlocked", referenced from:
      _main in conftest-9abbd1.o
      _f in conftest-9abbd1.o
ld: symbol(s) not found for architecture x86_64
clang: error: linker command failed with exit code 1 (use -v to see invocation)
configure:6409: $? = 1
configure: failed program was:
| #line 6361 "configure"
| /* confdefs.h.  */
| 
| #define PACKAGE_NAME ""
| #define PACKAGE_TARNAME ""
| #define PACKAGE_VERSION ""
| #define PACKAGE_STRING ""
| #define PACKAGE_BUGREPORT ""
| #define PACKAGE "steghide"
| #define VERSION "0.5.1"
| #ifdef __cplusplus
| #include <stdlib.h>
| #endif
| #define HAVE_STRCHR 1
| #define STDC_HEADERS 1
| #define HAVE_SYS_TYPES_H 1
| #define HAVE_SYS_STAT_H 1
| #define HAVE_STDLIB_H 1
| #define HAVE_STRING_H 1
| #define HAVE_MEMORY_H 1
| #define HAVE_STRINGS_H 1
| #define HAVE_INTTYPES_H 1
| #define HAVE_STDINT_H 1
| #define HAVE_UNISTD_H 1
| #define HAVE_ALLOCA_H 1
| #define HAVE_ALLOCA 1
| #define HAVE_STDLIB_H 1
| #define HAVE_UNISTD_H 1
| #define HAVE_GETPAGESIZE 1
| #define HAVE_MMAP 1
| #define INTDIV0_RAISES_SIGFPE 0
| #define HAVE_INTTYPES_H_WITH_UINTMAX 1
| #define HAVE_STDINT_H_WITH_UINTMAX 1
| #define HAVE_UNSIGNED_LONG_LONG 1
| #define HAVE_INTTYPES_H 1
| #define HAVE_LIMITS_H 1
| #define HAVE_LOCALE_H 1
| #define HAVE_NL_TYPES_H 1
| #define HAVE_STDDEF_H 1
| #define HAVE_STDLIB_H 1
| #define HAVE_STRING_H 1
| #define HAVE_UNISTD_H 1
| #define HAVE_SYS_PARAM_H 1
| #define HAVE_FEOF_UNLOCKED 1
| /* end confdefs.h.  */
| /* System header to define __stub macros and hopefully few prototypes,
|     which can conflict with char fgets_unlocked (); below.
|     Prefer <limits.h> to <assert.h> if __STDC__ is defined, since
|     <limits.h> exists even on freestanding compilers.  */
| #ifdef __STDC__
| # include <limits.h>
| #else
| # include <assert.h>
| #endif
| /* Override any gcc2 internal prototype to avoid an error.  */
| #ifdef __cplusplus
| extern "C"
| {
| #endif
| /* We use char because int might match the return type of a gcc2
|    builtin and then its argument prototype would still apply.  */
| char fgets_unlocked ();
| /* The GNU C library defines this for functions which it implements
|     to always fail with ENOSYS.  Some functions are actually named
|     something starting with __ and the normal name is an alias.  */
| #if defined (__stub_fgets_unlocked) || defined (__stub___fgets_unlocked)
| choke me
| #else
| char (*f) () = fgets_unlocked;
| #endif
| #ifdef __cplusplus
| }
| #endif
| 
| int
| main ()
| {
| return f != fgets_unlocked;
|   ;
|   return 0;
| }
configure:6426: result: no
configure:6356: checking for getc_unlocked
configure:6406: gcc -o conftest -g -O2   conftest.c  >&5
configure:6409: $? = 0
configure:6412: test -s conftest
configure:6415: $? = 0
configure:6426: result: yes
configure:6356: checking for getcwd
configure:6406: gcc -o conftest -g -O2   conftest.c  >&5
configure:6409: $? = 0
configure:6412: test -s conftest
configure:6415: $? = 0
configure:6426: result: yes
configure:6356: checking for getegid
configure:6406: gcc -o conftest -g -O2   conftest.c  >&5
configure:6409: $? = 0
configure:6412: test -s conftest
configure:6415: $? = 0
configure:6426: result: yes
configure:6356: checking for geteuid
configure:6406: gcc -o conftest -g -O2   conftest.c  >&5
configure:6409: $? = 0
configure:6412: test -s conftest
configure:6415: $? = 0
configure:6426: result: yes
configure:6356: checking for getgid
configure:6406: gcc -o conftest -g -O2   conftest.c  >&5
configure:6409: $? = 0
configure:6412: test -s conftest
configure:6415: $? = 0
configure:6426: result: yes
configure:6356: checking for getuid
configure:6406: gcc -o conftest -g -O2   conftest.c  >&5
configure:6409: $? = 0
configure:6412: test -s conftest
configure:6415: $? = 0
configure:6426: result: yes
configure:6356: checking for mempcpy
configure:6406: gcc -o conftest -g -O2   conftest.c  >&5
Undefined symbols for architecture x86_64:
  "_mempcpy", referenced from:
      _main in conftest-ca84ff.o
      _f in conftest-ca84ff.o
ld: symbol(s) not found for architecture x86_64
clang: error: linker command failed with exit code 1 (use -v to see invocation)
configure:6409: $? = 1
configure: failed program was:
| #line 6361 "configure"
| /* confdefs.h.  */
| 
| #define PACKAGE_NAME ""
| #define PACKAGE_TARNAME ""
| #define PACKAGE_VERSION ""
| #define PACKAGE_STRING ""
| #define PACKAGE_BUGREPORT ""
| #define PACKAGE "steghide"
| #define VERSION "0.5.1"
| #ifdef __cplusplus
| #include <stdlib.h>
| #endif
| #define HAVE_STRCHR 1
| #define STDC_HEADERS 1
| #define HAVE_SYS_TYPES_H 1
| #define HAVE_SYS_STAT_H 1
| #define HAVE_STDLIB_H 1
| #define HAVE_STRING_H 1
| #define HAVE_MEMORY_H 1
| #define HAVE_STRINGS_H 1
| #define HAVE_INTTYPES_H 1
| #define HAVE_STDINT_H 1
| #define HAVE_UNISTD_H 1
| #define HAVE_ALLOCA_H 1
| #define HAVE_ALLOCA 1
| #define HAVE_STDLIB_H 1
| #define HAVE_UNISTD_H 1
| #define HAVE_GETPAGESIZE 1
| #define HAVE_MMAP 1
| #define INTDIV0_RAISES_SIGFPE 0
| #define HAVE_INTTYPES_H_WITH_UINTMAX 1
| #define HAVE_STDINT_H_WITH_UINTMAX 1
| #define HAVE_UNSIGNED_LONG_LONG 1
| #define HAVE_INTTYPES_H 1
| #define HAVE_LIMITS_H 1
| #define HAVE_LOCALE_H 1
| #define HAVE_NL_TYPES_H 1
| #define HAVE_STDDEF_H 1
| #define HAVE_STDLIB_H 1
| #define HAVE_STRING_H 1
| #define HAVE_UNISTD_H 1
| #define HAVE_SYS_PARAM_H 1
| #define HAVE_FEOF_UNLOCKED 1
| #define HAVE_GETC_UNLOCKED 1
| #define HAVE_GETCWD 1
| #define HAVE_GETEGID 1
| #define HAVE_GETEUID 1
| #define HAVE_GETGID 1
| #define HAVE_GETUID 1
| /* end confdefs.h.  */
| /* System header to define __stub macros and hopefully few prototypes,
|     which can conflict with char mempcpy (); below.
|     Prefer <limits.h> to <assert.h> if __STDC__ is defined, since
|     <limits.h> exists even on freestanding compilers.  */
| #ifdef __STDC__
| # include <limits.h>
| #else
| # include <assert.h>
| #endif
| /* Override any gcc2 internal prototype to avoid an error.  */
| #ifdef __cplusplus
| extern "C"
| {
| #endif
| /* We use char because int might match the return type of a gcc2
|    builtin and then its argument prototype would still apply.  */
| char mempcpy ();
| /* The GNU C library defines this for functions which it implements
|     to always fail with ENOSYS.  Some functions are actually named
|     something starting with __ and the normal name is an alias.  */
| #if defined (__stub_mempcpy) || defined (__stub___mempcpy)
| choke me
| #else
| char (*f) () = mempcpy;
| #endif
| #ifdef __cplusplus
| }
| #endif
| 
| int
| main ()
| {
| return f != mempcpy;
|   ;
|   return 0;
| }
configure:6426: result: no
configure:6356: checking for munmap
configure:6406: gcc -o conftest -g -O2   conftest.c  >&5
configure:6409: $? = 0
configure:6412: test -s conftest
configure:6415: $? = 0
configure:6426: result: yes
configure:6356: checking for putenv
configure:6406: gcc -o conftest -g -O2   conftest.c  >&5
configure:6409: $? = 0
configure:6412: test -s conftest
configure:6415: $? = 0
configure:6426: result: yes
configure:6356: checking for setenv
configure:6406: gcc -o conftest -g -O2   conftest.c  >&5
configure:6409: $? = 0
configure:6412: test -s conftest
configure:6415: $? = 0
configure:6426: result: yes
configure:6356: checking for setlocale
configure:6406: gcc -o conftest -g -O2   conftest.c  >&5
configure:6409: $? = 0
configure:6412: test -s conftest
configure:6415: $? = 0
configure:6426: result: yes
configure:6356: checking for stpcpy
configure:6406: gcc -o conftest -g -O2   conftest.c  >&5
configure:6431:6: warning: incompatible redeclaration of library function 'stpcpy' [-Wincompatible-library-redeclaration]
char stpcpy ();
     ^
configure:6431:6: note: 'stpcpy' is a builtin with type 'char *(char *, const char *)'
1 warning generated.
configure:6409: $? = 0
configure:6412: test -s conftest
configure:6415: $? = 0
configure:6426: result: yes
configure:6356: checking for strcasecmp
configure:6406: gcc -o conftest -g -O2   conftest.c  >&5
configure:6432:6: warning: incompatible redeclaration of library function 'strcasecmp' [-Wincompatible-library-redeclaration]
char strcasecmp ();
     ^
configure:6432:6: note: 'strcasecmp' is a builtin with type 'int (const char *, const char *)'
1 warning generated.
configure:6409: $? = 0
configure:6412: test -s conftest
configure:6415: $? = 0
configure:6426: result: yes
configure:6356: checking for strdup
configure:6406: gcc -o conftest -g -O2   conftest.c  >&5
configure:6433:6: warning: incompatible redeclaration of library function 'strdup' [-Wincompatible-library-redeclaration]
char strdup ();
     ^
configure:6433:6: note: 'strdup' is a builtin with type 'char *(const char *)'
1 warning generated.
configure:6409: $? = 0
configure:6412: test -s conftest
configure:6415: $? = 0
configure:6426: result: yes
configure:6356: checking for strtoul
configure:6406: gcc -o conftest -g -O2   conftest.c  >&5
configure:6434:6: warning: incompatible redeclaration of library function 'strtoul' [-Wincompatible-library-redeclaration]
char strtoul ();
     ^
configure:6434:6: note: 'strtoul' is a builtin with type 'unsigned long (const char *, char **, int)'
1 warning generated.
configure:6409: $? = 0
configure:6412: test -s conftest
configure:6415: $? = 0
configure:6426: result: yes
configure:6356: checking for tsearch
configure:6406: gcc -o conftest -g -O2   conftest.c  >&5
configure:6409: $? = 0
configure:6412: test -s conftest
configure:6415: $? = 0
configure:6426: result: yes
configure:6356: checking for __argz_count
configure:6406: gcc -o conftest -g -O2   conftest.c  >&5
Undefined symbols for architecture x86_64:
  "___argz_count", referenced from:
      _main in conftest-2b3012.o
      _f in conftest-2b3012.o
ld: symbol(s) not found for architecture x86_64
clang: error: linker command failed with exit code 1 (use -v to see invocation)
configure:6409: $? = 1
configure: failed program was:
| #line 6361 "configure"
| /* confdefs.h.  */
| 
| #define PACKAGE_NAME ""
| #define PACKAGE_TARNAME ""
| #define PACKAGE_VERSION ""
| #define PACKAGE_STRING ""
| #define PACKAGE_BUGREPORT ""
| #define PACKAGE "steghide"
| #define VERSION "0.5.1"
| #ifdef __cplusplus
| #include <stdlib.h>
| #endif
| #define HAVE_STRCHR 1
| #define STDC_HEADERS 1
| #define HAVE_SYS_TYPES_H 1
| #define HAVE_SYS_STAT_H 1
| #define HAVE_STDLIB_H 1
| #define HAVE_STRING_H 1
| #define HAVE_MEMORY_H 1
| #define HAVE_STRINGS_H 1
| #define HAVE_INTTYPES_H 1
| #define HAVE_STDINT_H 1
| #define HAVE_UNISTD_H 1
| #define HAVE_ALLOCA_H 1
| #define HAVE_ALLOCA 1
| #define HAVE_STDLIB_H 1
| #define HAVE_UNISTD_H 1
| #define HAVE_GETPAGESIZE 1
| #define HAVE_MMAP 1
| #define INTDIV0_RAISES_SIGFPE 0
| #define HAVE_INTTYPES_H_WITH_UINTMAX 1
| #define HAVE_STDINT_H_WITH_UINTMAX 1
| #define HAVE_UNSIGNED_LONG_LONG 1
| #define HAVE_INTTYPES_H 1
| #define HAVE_LIMITS_H 1
| #define HAVE_LOCALE_H 1
| #define HAVE_NL_TYPES_H 1
| #define HAVE_STDDEF_H 1
| #define HAVE_STDLIB_H 1
| #define HAVE_STRING_H 1
| #define HAVE_UNISTD_H 1
| #define HAVE_SYS_PARAM_H 1
| #define HAVE_FEOF_UNLOCKED 1
| #define HAVE_GETC_UNLOCKED 1
| #define HAVE_GETCWD 1
| #define HAVE_GETEGID 1
| #define HAVE_GETEUID 1
| #define HAVE_GETGID 1
| #define HAVE_GETUID 1
| #define HAVE_MUNMAP 1
| #define HAVE_PUTENV 1
| #define HAVE_SETENV 1
| #define HAVE_SETLOCALE 1
| #define HAVE_STPCPY 1
| #define HAVE_STRCASECMP 1
| #define HAVE_STRDUP 1
| #define HAVE_STRTOUL 1
| #define HAVE_TSEARCH 1
| /* end confdefs.h.  */
| /* System header to define __stub macros and hopefully few prototypes,
|     which can conflict with char __argz_count (); below.
|     Prefer <limits.h> to <assert.h> if __STDC__ is defined, since
|     <limits.h> exists even on freestanding compilers.  */
| #ifdef __STDC__
| # include <limits.h>
| #else
| # include <assert.h>
| #endif
| /* Override any gcc2 internal prototype to avoid an error.  */
| #ifdef __cplusplus
| extern "C"
| {
| #endif
| /* We use char because int might match the return type of a gcc2
|    builtin and then its argument prototype would still apply.  */
| char __argz_count ();
| /* The GNU C library defines this for functions which it implements
|     to always fail with ENOSYS.  Some functions are actually named
|     something starting with __ and the normal name is an alias.  */
| #if defined (__stub___argz_count) || defined (__stub_____argz_count)
| choke me
| #else
| char (*f) () = __argz_count;
| #endif
| #ifdef __cplusplus
| }
| #endif
| 
| int
| main ()
| {
| return f != __argz_count;
|   ;
|   return 0;
| }
configure:6426: result: no
configure:6356: checking for __argz_stringify
configure:6406: gcc -o conftest -g -O2   conftest.c  >&5
Undefined symbols for architecture x86_64:
  "___argz_stringify", referenced from:
      _main in conftest-b30509.o
      _f in conftest-b30509.o
ld: symbol(s) not found for architecture x86_64
clang: error: linker command failed with exit code 1 (use -v to see invocation)
configure:6409: $? = 1
configure: failed program was:
| #line 6361 "configure"
| /* confdefs.h.  */
| 
| #define PACKAGE_NAME ""
| #define PACKAGE_TARNAME ""
| #define PACKAGE_VERSION ""
| #define PACKAGE_STRING ""
| #define PACKAGE_BUGREPORT ""
| #define PACKAGE "steghide"
| #define VERSION "0.5.1"
| #ifdef __cplusplus
| #include <stdlib.h>
| #endif
| #define HAVE_STRCHR 1
| #define STDC_HEADERS 1
| #define HAVE_SYS_TYPES_H 1
| #define HAVE_SYS_STAT_H 1
| #define HAVE_STDLIB_H 1
| #define HAVE_STRING_H 1
| #define HAVE_MEMORY_H 1
| #define HAVE_STRINGS_H 1
| #define HAVE_INTTYPES_H 1
| #define HAVE_STDINT_H 1
| #define HAVE_UNISTD_H 1
| #define HAVE_ALLOCA_H 1
| #define HAVE_ALLOCA 1
| #define HAVE_STDLIB_H 1
| #define HAVE_UNISTD_H 1
| #define HAVE_GETPAGESIZE 1
| #define HAVE_MMAP 1
| #define INTDIV0_RAISES_SIGFPE 0
| #define HAVE_INTTYPES_H_WITH_UINTMAX 1
| #define HAVE_STDINT_H_WITH_UINTMAX 1
| #define HAVE_UNSIGNED_LONG_LONG 1
| #define HAVE_INTTYPES_H 1
| #define HAVE_LIMITS_H 1
| #define HAVE_LOCALE_H 1
| #define HAVE_NL_TYPES_H 1
| #define HAVE_STDDEF_H 1
| #define HAVE_STDLIB_H 1
| #define HAVE_STRING_H 1
| #define HAVE_UNISTD_H 1
| #define HAVE_SYS_PARAM_H 1
| #define HAVE_FEOF_UNLOCKED 1
| #define HAVE_GETC_UNLOCKED 1
| #define HAVE_GETCWD 1
| #define HAVE_GETEGID 1
| #define HAVE_GETEUID 1
| #define HAVE_GETGID 1
| #define HAVE_GETUID 1
| #define HAVE_MUNMAP 1
| #define HAVE_PUTENV 1
| #define HAVE_SETENV 1
| #define HAVE_SETLOCALE 1
| #define HAVE_STPCPY 1
| #define HAVE_STRCASECMP 1
| #define HAVE_STRDUP 1
| #define HAVE_STRTOUL 1
| #define HAVE_TSEARCH 1
| /* end confdefs.h.  */
| /* System header to define __stub macros and hopefully few prototypes,
|     which can conflict with char __argz_stringify (); below.
|     Prefer <limits.h> to <assert.h> if __STDC__ is defined, since
|     <limits.h> exists even on freestanding compilers.  */
| #ifdef __STDC__
| # include <limits.h>
| #else
| # include <assert.h>
| #endif
| /* Override any gcc2 internal prototype to avoid an error.  */
| #ifdef __cplusplus
| extern "C"
| {
| #endif
| /* We use char because int might match the return type of a gcc2
|    builtin and then its argument prototype would still apply.  */
| char __argz_stringify ();
| /* The GNU C library defines this for functions which it implements
|     to always fail with ENOSYS.  Some functions are actually named
|     something starting with __ and the normal name is an alias.  */
| #if defined (__stub___argz_stringify) || defined (__stub_____argz_stringify)
| choke me
| #else
| char (*f) () = __argz_stringify;
| #endif
| #ifdef __cplusplus
| }
| #endif
| 
| int
| main ()
| {
| return f != __argz_stringify;
|   ;
|   return 0;
| }
configure:6426: result: no
configure:6356: checking for __argz_next
configure:6406: gcc -o conftest -g -O2   conftest.c  >&5
Undefined symbols for architecture x86_64:
  "___argz_next", referenced from:
      _main in conftest-b216d4.o
      _f in conftest-b216d4.o
ld: symbol(s) not found for architecture x86_64
clang: error: linker command failed with exit code 1 (use -v to see invocation)
configure:6409: $? = 1
configure: failed program was:
| #line 6361 "configure"
| /* confdefs.h.  */
| 
| #define PACKAGE_NAME ""
| #define PACKAGE_TARNAME ""
| #define PACKAGE_VERSION ""
| #define PACKAGE_STRING ""
| #define PACKAGE_BUGREPORT ""
| #define PACKAGE "steghide"
| #define VERSION "0.5.1"
| #ifdef __cplusplus
| #include <stdlib.h>
| #endif
| #define HAVE_STRCHR 1
| #define STDC_HEADERS 1
| #define HAVE_SYS_TYPES_H 1
| #define HAVE_SYS_STAT_H 1
| #define HAVE_STDLIB_H 1
| #define HAVE_STRING_H 1
| #define HAVE_MEMORY_H 1
| #define HAVE_STRINGS_H 1
| #define HAVE_INTTYPES_H 1
| #define HAVE_STDINT_H 1
| #define HAVE_UNISTD_H 1
| #define HAVE_ALLOCA_H 1
| #define HAVE_ALLOCA 1
| #define HAVE_STDLIB_H 1
| #define HAVE_UNISTD_H 1
| #define HAVE_GETPAGESIZE 1
| #define HAVE_MMAP 1
| #define INTDIV0_RAISES_SIGFPE 0
| #define HAVE_INTTYPES_H_WITH_UINTMAX 1
| #define HAVE_STDINT_H_WITH_UINTMAX 1
| #define HAVE_UNSIGNED_LONG_LONG 1
| #define HAVE_INTTYPES_H 1
| #define HAVE_LIMITS_H 1
| #define HAVE_LOCALE_H 1
| #define HAVE_NL_TYPES_H 1
| #define HAVE_STDDEF_H 1
| #define HAVE_STDLIB_H 1
| #define HAVE_STRING_H 1
| #define HAVE_UNISTD_H 1
| #define HAVE_SYS_PARAM_H 1
| #define HAVE_FEOF_UNLOCKED 1
| #define HAVE_GETC_UNLOCKED 1
| #define HAVE_GETCWD 1
| #define HAVE_GETEGID 1
| #define HAVE_GETEUID 1
| #define HAVE_GETGID 1
| #define HAVE_GETUID 1
| #define HAVE_MUNMAP 1
| #define HAVE_PUTENV 1
| #define HAVE_SETENV 1
| #define HAVE_SETLOCALE 1
| #define HAVE_STPCPY 1
| #define HAVE_STRCASECMP 1
| #define HAVE_STRDUP 1
| #define HAVE_STRTOUL 1
| #define HAVE_TSEARCH 1
| /* end confdefs.h.  */
| /* System header to define __stub macros and hopefully few prototypes,
|     which can conflict with char __argz_next (); below.
|     Prefer <limits.h> to <assert.h> if __STDC__ is defined, since
|     <limits.h> exists even on freestanding compilers.  */
| #ifdef __STDC__
| # include <limits.h>
| #else
| # include <assert.h>
| #endif
| /* Override any gcc2 internal prototype to avoid an error.  */
| #ifdef __cplusplus
| extern "C"
| {
| #endif
| /* We use char because int might match the return type of a gcc2
|    builtin and then its argument prototype would still apply.  */
| char __argz_next ();
| /* The GNU C library defines this for functions which it implements
|     to always fail with ENOSYS.  Some functions are actually named
|     something starting with __ and the normal name is an alias.  */
| #if defined (__stub___argz_next) || defined (__stub_____argz_next)
| choke me
| #else
| char (*f) () = __argz_next;
| #endif
| #ifdef __cplusplus
| }
| #endif
| 
| int
| main ()
| {
| return f != __argz_next;
|   ;
|   return 0;
| }
configure:6426: result: no
configure:6467: checking for iconv
configure:6495: gcc -o conftest -g -O2   conftest.c  >&5
Undefined symbols for architecture x86_64:
  "_iconv", referenced from:
      _main in conftest-9ab7c3.o
  "_iconv_close", referenced from:
      _main in conftest-9ab7c3.o
  "_iconv_open", referenced from:
      _main in conftest-9ab7c3.o
ld: symbol(s) not found for architecture x86_64
clang: error: linker command failed with exit code 1 (use -v to see invocation)
configure:6498: $? = 1
configure: failed program was:
| #line 6475 "configure"
| /* confdefs.h.  */
| 
| #define PACKAGE_NAME ""
| #define PACKAGE_TARNAME ""
| #define PACKAGE_VERSION ""
| #define PACKAGE_STRING ""
| #define PACKAGE_BUGREPORT ""
| #define PACKAGE "steghide"
| #define VERSION "0.5.1"
| #ifdef __cplusplus
| #include <stdlib.h>
| #endif
| #define HAVE_STRCHR 1
| #define STDC_HEADERS 1
| #define HAVE_SYS_TYPES_H 1
| #define HAVE_SYS_STAT_H 1
| #define HAVE_STDLIB_H 1
| #define HAVE_STRING_H 1
| #define HAVE_MEMORY_H 1
| #define HAVE_STRINGS_H 1
| #define HAVE_INTTYPES_H 1
| #define HAVE_STDINT_H 1
| #define HAVE_UNISTD_H 1
| #define HAVE_ALLOCA_H 1
| #define HAVE_ALLOCA 1
| #define HAVE_STDLIB_H 1
| #define HAVE_UNISTD_H 1
| #define HAVE_GETPAGESIZE 1
| #define HAVE_MMAP 1
| #define INTDIV0_RAISES_SIGFPE 0
| #define HAVE_INTTYPES_H_WITH_UINTMAX 1
| #define HAVE_STDINT_H_WITH_UINTMAX 1
| #define HAVE_UNSIGNED_LONG_LONG 1
| #define HAVE_INTTYPES_H 1
| #define HAVE_LIMITS_H 1
| #define HAVE_LOCALE_H 1
| #define HAVE_NL_TYPES_H 1
| #define HAVE_STDDEF_H 1
| #define HAVE_STDLIB_H 1
| #define HAVE_STRING_H 1
| #define HAVE_UNISTD_H 1
| #define HAVE_SYS_PARAM_H 1
| #define HAVE_FEOF_UNLOCKED 1
| #define HAVE_GETC_UNLOCKED 1
| #define HAVE_GETCWD 1
| #define HAVE_GETEGID 1
| #define HAVE_GETEUID 1
| #define HAVE_GETGID 1
| #define HAVE_GETUID 1
| #define HAVE_MUNMAP 1
| #define HAVE_PUTENV 1
| #define HAVE_SETENV 1
| #define HAVE_SETLOCALE 1
| #define HAVE_STPCPY 1
| #define HAVE_STRCASECMP 1
| #define HAVE_STRDUP 1
| #define HAVE_STRTOUL 1
| #define HAVE_TSEARCH 1
| /* end confdefs.h.  */
| #include <stdlib.h>
| #include <iconv.h>
| int
| main ()
| {
| iconv_t cd = iconv_open("","");
|        iconv(cd,NULL,NULL,NULL,NULL);
|        iconv_close(cd);
|   ;
|   return 0;
| }
configure:6536: gcc -o conftest -g -O2   conftest.c  -liconv >&5
configure:6539: $? = 0
configure:6542: test -s conftest
configure:6545: $? = 0
configure:6559: result: yes
configure:6569: checking how to link with libiconv
configure:6571: result: -liconv
configure:6582: checking for iconv declaration
configure:6617: gcc -c -g -O2  conftest.c >&5
configure:6620: $? = 0
configure:6623: test -s conftest.o
configure:6626: $? = 0
configure:6641: result: 
         extern size_t iconv (iconv_t cd, char * *inbuf, size_t *inbytesleft, char * *outbuf, size_t *outbytesleft);
configure:6652: checking for nl_langinfo and CODESET
configure:6674: gcc -o conftest -g -O2   conftest.c  >&5
configure:6677: $? = 0
configure:6680: test -s conftest
configure:6683: $? = 0
configure:6695: result: yes
configure:6707: checking for LC_MESSAGES
configure:6729: gcc -o conftest -g -O2   conftest.c  >&5
configure:6732: $? = 0
configure:6735: test -s conftest
configure:6738: $? = 0
configure:6749: result: yes
configure:6765: checking for bison
configure:6781: found /usr/bin/bison
configure:6791: result: bison
configure:6804: checking version of bison
configure:6813: result: 2.3, ok
configure:6834: checking whether NLS is requested
configure:6843: result: yes
configure:6858: checking whether included gettext is requested
configure:6868: result: no
configure:6879: checking for GNU gettext in libc
configure:6904: gcc -o conftest -g -O2   conftest.c  >&5
Undefined symbols for architecture x86_64:
  "__nl_domain_bindings", referenced from:
      _main in conftest-57af1b.o
  "__nl_msg_cat_cntr", referenced from:
      _main in conftest-57af1b.o
  "_libintl_bindtextdomain", referenced from:
      _main in conftest-57af1b.o
  "_libintl_gettext", referenced from:
      _main in conftest-57af1b.o
ld: symbol(s) not found for architecture x86_64
clang: error: linker command failed with exit code 1 (use -v to see invocation)
configure:6907: $? = 1
configure: failed program was:
| #line 6884 "configure"
| /* confdefs.h.  */
| 
| #define PACKAGE_NAME ""
| #define PACKAGE_TARNAME ""
| #define PACKAGE_VERSION ""
| #define PACKAGE_STRING ""
| #define PACKAGE_BUGREPORT ""
| #define PACKAGE "steghide"
| #define VERSION "0.5.1"
| #ifdef __cplusplus
| #include <stdlib.h>
| #endif
| #define HAVE_STRCHR 1
| #define STDC_HEADERS 1
| #define HAVE_SYS_TYPES_H 1
| #define HAVE_SYS_STAT_H 1
| #define HAVE_STDLIB_H 1
| #define HAVE_STRING_H 1
| #define HAVE_MEMORY_H 1
| #define HAVE_STRINGS_H 1
| #define HAVE_INTTYPES_H 1
| #define HAVE_STDINT_H 1
| #define HAVE_UNISTD_H 1
| #define HAVE_ALLOCA_H 1
| #define HAVE_ALLOCA 1
| #define HAVE_STDLIB_H 1
| #define HAVE_UNISTD_H 1
| #define HAVE_GETPAGESIZE 1
| #define HAVE_MMAP 1
| #define INTDIV0_RAISES_SIGFPE 0
| #define HAVE_INTTYPES_H_WITH_UINTMAX 1
| #define HAVE_STDINT_H_WITH_UINTMAX 1
| #define HAVE_UNSIGNED_LONG_LONG 1
| #define HAVE_INTTYPES_H 1
| #define HAVE_LIMITS_H 1
| #define HAVE_LOCALE_H 1
| #define HAVE_NL_TYPES_H 1
| #define HAVE_STDDEF_H 1
| #define HAVE_STDLIB_H 1
| #define HAVE_STRING_H 1
| #define HAVE_UNISTD_H 1
| #define HAVE_SYS_PARAM_H 1
| #define HAVE_FEOF_UNLOCKED 1
| #define HAVE_GETC_UNLOCKED 1
| #define HAVE_GETCWD 1
| #define HAVE_GETEGID 1
| #define HAVE_GETEUID 1
| #define HAVE_GETGID 1
| #define HAVE_GETUID 1
| #define HAVE_MUNMAP 1
| #define HAVE_PUTENV 1
| #define HAVE_SETENV 1
| #define HAVE_SETLOCALE 1
| #define HAVE_STPCPY 1
| #define HAVE_STRCASECMP 1
| #define HAVE_STRDUP 1
| #define HAVE_STRTOUL 1
| #define HAVE_TSEARCH 1
| #define HAVE_ICONV 1
| #define ICONV_CONST 
| #define HAVE_LANGINFO_CODESET 1
| #define HAVE_LC_MESSAGES 1
| /* end confdefs.h.  */
| #include <libintl.h>
| extern int _nl_msg_cat_cntr;
| extern int *_nl_domain_bindings;
| int
| main ()
| {
| bindtextdomain ("", "");
| return (int) gettext ("") + _nl_msg_cat_cntr + *_nl_domain_bindings
|   ;
|   return 0;
| }
configure:6924: result: no
configure:7307: checking for GNU gettext in libintl
configure:7340: gcc -o conftest -g -O2  -I/usr/local/include  conftest.c  /usr/local/lib/libintl.dylib >&5
configure:7343: $? = 0
configure:7346: test -s conftest
configure:7349: $? = 0
configure:7410: result: yes
configure:7461: checking how to link with libintl
configure:7463: result: /usr/local/lib/libintl.dylib
configure:7549: checking wether to enable debugging
configure:7571: result: no
configure:7577: checking wether to disable randomness
configure:7597: result: no
configure:7602: checking for ANSI C header files
configure:7752: result: yes
configure:7762: checking for sys/wait.h that is POSIX.1 compatible
configure:7794: gcc -c -g -O2 -I/usr/local/include conftest.c >&5
configure:7797: $? = 0
configure:7800: test -s conftest.o
configure:7803: $? = 0
configure:7814: result: yes
configure:7830: checking for limits.h
configure:7835: result: yes
configure:7839: checking termios.h usability
configure:7852: gcc -c -g -O2 -I/usr/local/include conftest.c >&5
configure:7855: $? = 0
configure:7858: test -s conftest.o
configure:7861: $? = 0
configure:7871: result: yes
configure:7875: checking termios.h presence
configure:7886: gcc -E -I/usr/local/include conftest.c
configure:7892: $? = 0
configure:7911: result: yes
configure:7947: checking for termios.h
configure:7954: result: yes
configure:7968: checking for an ANSI C-conforming const
configure:8056: result: yes
configure:8066: checking for size_t
configure:8111: result: yes
configure:8124: checking for unsigned long int
configure:8149: gcc -c -g -O2 -I/usr/local/include conftest.c >&5
configure:8152: $? = 0
configure:8155: test -s conftest.o
configure:8158: $? = 0
configure:8169: result: yes
configure:8172: checking size of unsigned long int
configure:8447: gcc -o conftest -g -O2 -I/usr/local/include  conftest.c  >&5
configure:8450: $? = 0
configure:8452: ./conftest
configure:8455: $? = 0
configure:8478: result: 8
configure:8485: checking for long int
configure:8510: gcc -c -g -O2 -I/usr/local/include conftest.c >&5
configure:8513: $? = 0
configure:8516: test -s conftest.o
configure:8519: $? = 0
configure:8530: result: yes
configure:8533: checking size of long int
configure:8808: gcc -o conftest -g -O2 -I/usr/local/include  conftest.c  >&5
configure:8811: $? = 0
configure:8813: ./conftest
configure:8816: $? = 0
configure:8839: result: 8
configure:8846: checking for unsigned int
configure:8871: gcc -c -g -O2 -I/usr/local/include conftest.c >&5
configure:8874: $? = 0
configure:8877: test -s conftest.o
configure:8880: $? = 0
configure:8891: result: yes
configure:8894: checking size of unsigned int
configure:9169: gcc -o conftest -g -O2 -I/usr/local/include  conftest.c  >&5
configure:9172: $? = 0
configure:9174: ./conftest
configure:9177: $? = 0
configure:9200: result: 4
configure:9207: checking for int
configure:9232: gcc -c -g -O2 -I/usr/local/include conftest.c >&5
configure:9235: $? = 0
configure:9238: test -s conftest.o
configure:9241: $? = 0
configure:9252: result: yes
configure:9255: checking size of int
configure:9530: gcc -o conftest -g -O2 -I/usr/local/include  conftest.c  >&5
configure:9533: $? = 0
configure:9535: ./conftest
configure:9538: $? = 0
configure:9561: result: 4
configure:9568: checking for unsigned short int
configure:9593: gcc -c -g -O2 -I/usr/local/include conftest.c >&5
configure:9596: $? = 0
configure:9599: test -s conftest.o
configure:9602: $? = 0
configure:9613: result: yes
configure:9616: checking size of unsigned short int
configure:9891: gcc -o conftest -g -O2 -I/usr/local/include  conftest.c  >&5
configure:9894: $? = 0
configure:9896: ./conftest
configure:9899: $? = 0
configure:9922: result: 2
configure:9929: checking for short int
configure:9954: gcc -c -g -O2 -I/usr/local/include conftest.c >&5
configure:9957: $? = 0
configure:9960: test -s conftest.o
configure:9963: $? = 0
configure:9974: result: yes
configure:9977: checking size of short int
configure:10252: gcc -o conftest -g -O2 -I/usr/local/include  conftest.c  >&5
configure:10255: $? = 0
configure:10257: ./conftest
configure:10260: $? = 0
configure:10283: result: 2
configure:10290: checking for unsigned char
configure:10315: gcc -c -g -O2 -I/usr/local/include conftest.c >&5
configure:10318: $? = 0
configure:10321: test -s conftest.o
configure:10324: $? = 0
configure:10335: result: yes
configure:10338: checking size of unsigned char
configure:10613: gcc -o conftest -g -O2 -I/usr/local/include  conftest.c  >&5
configure:10616: $? = 0
configure:10618: ./conftest
configure:10621: $? = 0
configure:10644: result: 1
configure:10651: checking for signed char
configure:10676: gcc -c -g -O2 -I/usr/local/include conftest.c >&5
configure:10679: $? = 0
configure:10682: test -s conftest.o
configure:10685: $? = 0
configure:10696: result: yes
configure:10699: checking size of signed char
configure:10974: gcc -o conftest -g -O2 -I/usr/local/include  conftest.c  >&5
configure:10977: $? = 0
configure:10979: ./conftest
configure:10982: $? = 0
configure:11005: result: 1
configure:11129: checking for doxygen
configure:11156: result: no
configure:11176: checking for perl
configure:11192: found /usr/bin/perl
configure:11203: result: yes
configure:11221: checking for /dev/urandom
configure:11236: result: yes
configure:11246: checking for /dev/random
configure:11261: result: yes
configure:11276: checking for vprintf
configure:11326: gcc -o conftest -g -O2 -I/usr/local/include  conftest.c  >&5
configure:11383:6: warning: incompatible redeclaration of library function 'vprintf' [-Wincompatible-library-redeclaration]
char vprintf ();
     ^
configure:11383:6: note: 'vprintf' is a builtin with type 'int (const char *, struct __va_list_tag *)'
1 warning generated.
configure:11329: $? = 0
configure:11332: test -s conftest
configure:11335: $? = 0
configure:11346: result: yes
configure:11353: checking for _doprnt
configure:11403: gcc -o conftest -g -O2 -I/usr/local/include  conftest.c  >&5
Undefined symbols for architecture x86_64:
  "__doprnt", referenced from:
      _main in conftest-d9dcc5.o
      _f in conftest-d9dcc5.o
ld: symbol(s) not found for architecture x86_64
clang: error: linker command failed with exit code 1 (use -v to see invocation)
configure:11406: $? = 1
configure: failed program was:
| #line 11358 "configure"
| /* confdefs.h.  */
| 
| #define PACKAGE_NAME ""
| #define PACKAGE_TARNAME ""
| #define PACKAGE_VERSION ""
| #define PACKAGE_STRING ""
| #define PACKAGE_BUGREPORT ""
| #define PACKAGE "steghide"
| #define VERSION "0.5.1"
| #ifdef __cplusplus
| #include <stdlib.h>
| #endif
| #define HAVE_STRCHR 1
| #define STDC_HEADERS 1
| #define HAVE_SYS_TYPES_H 1
| #define HAVE_SYS_STAT_H 1
| #define HAVE_STDLIB_H 1
| #define HAVE_STRING_H 1
| #define HAVE_MEMORY_H 1
| #define HAVE_STRINGS_H 1
| #define HAVE_INTTYPES_H 1
| #define HAVE_STDINT_H 1
| #define HAVE_UNISTD_H 1
| #define HAVE_ALLOCA_H 1
| #define HAVE_ALLOCA 1
| #define HAVE_STDLIB_H 1
| #define HAVE_UNISTD_H 1
| #define HAVE_GETPAGESIZE 1
| #define HAVE_MMAP 1
| #define INTDIV0_RAISES_SIGFPE 0
| #define HAVE_INTTYPES_H_WITH_UINTMAX 1
| #define HAVE_STDINT_H_WITH_UINTMAX 1
| #define HAVE_UNSIGNED_LONG_LONG 1
| #define HAVE_INTTYPES_H 1
| #define HAVE_LIMITS_H 1
| #define HAVE_LOCALE_H 1
| #define HAVE_NL_TYPES_H 1
| #define HAVE_STDDEF_H 1
| #define HAVE_STDLIB_H 1
| #define HAVE_STRING_H 1
| #define HAVE_UNISTD_H 1
| #define HAVE_SYS_PARAM_H 1
| #define HAVE_FEOF_UNLOCKED 1
| #define HAVE_GETC_UNLOCKED 1
| #define HAVE_GETCWD 1
| #define HAVE_GETEGID 1
| #define HAVE_GETEUID 1
| #define HAVE_GETGID 1
| #define HAVE_GETUID 1
| #define HAVE_MUNMAP 1
| #define HAVE_PUTENV 1
| #define HAVE_SETENV 1
| #define HAVE_SETLOCALE 1
| #define HAVE_STPCPY 1
| #define HAVE_STRCASECMP 1
| #define HAVE_STRDUP 1
| #define HAVE_STRTOUL 1
| #define HAVE_TSEARCH 1
| #define HAVE_ICONV 1
| #define ICONV_CONST 
| #define HAVE_LANGINFO_CODESET 1
| #define HAVE_LC_MESSAGES 1
| #define ENABLE_NLS 1
| #define HAVE_GETTEXT 1
| #define HAVE_DCGETTEXT 1
| #define STDC_HEADERS 1
| #define HAVE_SYS_WAIT_H 1
| #define HAVE_LIMITS_H 1
| #define HAVE_TERMIOS_H 1
| #define SIZEOF_UNSIGNED_LONG_INT 8
| #define SIZEOF_LONG_INT 8
| #define SIZEOF_UNSIGNED_INT 4
| #define SIZEOF_INT 4
| #define SIZEOF_UNSIGNED_SHORT_INT 2
| #define SIZEOF_SHORT_INT 2
| #define SIZEOF_UNSIGNED_CHAR 1
| #define SIZEOF_SIGNED_CHAR 1
| #define TYPE_UWORD32 unsigned int
| #define TYPE_SWORD32 int
| #define TYPE_UWORD16 unsigned short int
| #define TYPE_SWORD16 short int
| #define TYPE_BYTE unsigned char
| #define TYPE_SBYTE signed char
| #define HAVE_DEV_URANDOM 1
| #define HAVE_DEV_RANDOM 1
| #define HAVE_VPRINTF 1
| /* end confdefs.h.  */
| /* System header to define __stub macros and hopefully few prototypes,
|     which can conflict with char _doprnt (); below.
|     Prefer <limits.h> to <assert.h> if __STDC__ is defined, since
|     <limits.h> exists even on freestanding compilers.  */
| #ifdef __STDC__
| # include <limits.h>
| #else
| # include <assert.h>
| #endif
| /* Override any gcc2 internal prototype to avoid an error.  */
| #ifdef __cplusplus
| extern "C"
| {
| #endif
| /* We use char because int might match the return type of a gcc2
|    builtin and then its argument prototype would still apply.  */
| char _doprnt ();
| /* The GNU C library defines this for functions which it implements
|     to always fail with ENOSYS.  Some functions are actually named
|     something starting with __ and the normal name is an alias.  */
| #if defined (__stub__doprnt) || defined (__stub____doprnt)
| choke me
| #else
| char (*f) () = _doprnt;
| #endif
| #ifdef __cplusplus
| }
| #endif
| 
| int
| main ()
| {
| return f != _doprnt;
|   ;
|   return 0;
| }
configure:11423: result: no
configure:11443: checking for tcgetattr
configure:11493: gcc -o conftest -g -O2 -I/usr/local/include  conftest.c  >&5
configure:11496: $? = 0
configure:11499: test -s conftest
configure:11502: $? = 0
configure:11513: result: yes
configure:11443: checking for tcsetattr
configure:11493: gcc -o conftest -g -O2 -I/usr/local/include  conftest.c  >&5
configure:11496: $? = 0
configure:11499: test -s conftest
configure:11502: $? = 0
configure:11513: result: yes
configure:11443: checking for strtoul
configure:11513: result: yes
configure:11535: checking for zlibVersion in -lz
configure:11566: gcc -o conftest -g -O2 -I/usr/local/include  conftest.c -lz   >&5
configure:11569: $? = 0
configure:11572: test -s conftest
configure:11575: $? = 0
configure:11587: result: yes
configure:11608: checking zlib.h usability
configure:11621: gcc -c -g -O2 -I/usr/local/include conftest.c >&5
configure:11624: $? = 0
configure:11627: test -s conftest.o
configure:11630: $? = 0
configure:11640: result: yes
configure:11644: checking zlib.h presence
configure:11655: gcc -E -I/usr/local/include conftest.c
configure:11661: $? = 0
configure:11680: result: yes
configure:11716: checking for zlib.h
configure:11723: result: yes
configure:11731: checking for mhash_init in -lmhash
configure:11762: gcc -o conftest -g -O2 -I/usr/local/include  conftest.c -lmhash  -lz  >&5
configure:11765: $? = 0
configure:11768: test -s conftest
configure:11771: $? = 0
configure:11783: result: yes
configure:11804: checking mhash.h usability
configure:11817: gcc -c -g -O2 -I/usr/local/include conftest.c >&5
In file included from configure:11932:
In file included from /usr/local/include/mhash.h:6:
In file included from /usr/local/include/mutils/mincludes.h:34:
/usr/local/include/mutils/mhash_config.h:186:9: warning: 'PACKAGE' macro redefined [-Wmacro-redefined]
#define PACKAGE "mhash"
        ^
configure:11813:9: note: previous definition is here
#define PACKAGE "steghide"
        ^
In file included from configure:11932:
In file included from /usr/local/include/mhash.h:6:
In file included from /usr/local/include/mutils/mincludes.h:34:
/usr/local/include/mutils/mhash_config.h:189:9: warning: 'PACKAGE_BUGREPORT' macro redefined [-Wmacro-redefined]
#define PACKAGE_BUGREPORT "mhash-devel@sourceforge.net"
        ^
configure:11812:9: note: previous definition is here
#define PACKAGE_BUGREPORT ""
        ^
In file included from configure:11932:
In file included from /usr/local/include/mhash.h:6:
In file included from /usr/local/include/mutils/mincludes.h:34:
/usr/local/include/mutils/mhash_config.h:192:9: warning: 'PACKAGE_NAME' macro redefined [-Wmacro-redefined]
#define PACKAGE_NAME "MHASH"
        ^
configure:11808:9: note: previous definition is here
#define PACKAGE_NAME ""
        ^
In file included from configure:11932:
In file included from /usr/local/include/mhash.h:6:
In file included from /usr/local/include/mutils/mincludes.h:34:
/usr/local/include/mutils/mhash_config.h:195:9: warning: 'PACKAGE_STRING' macro redefined [-Wmacro-redefined]
#define PACKAGE_STRING "MHASH 0.9.9"
        ^
configure:11811:9: note: previous definition is here
#define PACKAGE_STRING ""
        ^
In file included from configure:11932:
In file included from /usr/local/include/mhash.h:6:
In file included from /usr/local/include/mutils/mincludes.h:34:
/usr/local/include/mutils/mhash_config.h:198:9: warning: 'PACKAGE_TARNAME' macro redefined [-Wmacro-redefined]
#define PACKAGE_TARNAME "mhash"
        ^
configure:11809:9: note: previous definition is here
#define PACKAGE_TARNAME ""
        ^
In file included from configure:11932:
In file included from /usr/local/include/mhash.h:6:
In file included from /usr/local/include/mutils/mincludes.h:34:
/usr/local/include/mutils/mhash_config.h:201:9: warning: 'PACKAGE_VERSION' macro redefined [-Wmacro-redefined]
#define PACKAGE_VERSION "0.9.9"
        ^
configure:11810:9: note: previous definition is here
#define PACKAGE_VERSION ""
        ^
In file included from configure:11932:
In file included from /usr/local/include/mhash.h:6:
In file included from /usr/local/include/mutils/mincludes.h:34:
/usr/local/include/mutils/mhash_config.h:213:9: warning: 'VERSION' macro redefined [-Wmacro-redefined]
#define VERSION "0.9.9"
        ^
configure:11814:9: note: previous definition is here
#define VERSION "0.5.1"
        ^
7 warnings generated.
configure:11820: $? = 0
configure:11823: test -s conftest.o
configure:11826: $? = 0
configure:11836: result: yes
configure:11840: checking mhash.h presence
configure:11851: gcc -E -I/usr/local/include conftest.c
In file included from configure:11934:
In file included from /usr/local/include/mhash.h:6:
In file included from /usr/local/include/mutils/mincludes.h:34:
/usr/local/include/mutils/mhash_config.h:186:9: warning: 'PACKAGE' macro redefined [-Wmacro-redefined]
#define PACKAGE "mhash"
        ^
configure:11849:9: note: previous definition is here
#define PACKAGE "steghide"
        ^
In file included from configure:11934:
In file included from /usr/local/include/mhash.h:6:
In file included from /usr/local/include/mutils/mincludes.h:34:
/usr/local/include/mutils/mhash_config.h:189:9: warning: 'PACKAGE_BUGREPORT' macro redefined [-Wmacro-redefined]
#define PACKAGE_BUGREPORT "mhash-devel@sourceforge.net"
        ^
configure:11848:9: note: previous definition is here
#define PACKAGE_BUGREPORT ""
        ^
In file included from configure:11934:
In file included from /usr/local/include/mhash.h:6:
In file included from /usr/local/include/mutils/mincludes.h:34:
/usr/local/include/mutils/mhash_config.h:192:9: warning: 'PACKAGE_NAME' macro redefined [-Wmacro-redefined]
#define PACKAGE_NAME "MHASH"
        ^
configure:11844:9: note: previous definition is here
#define PACKAGE_NAME ""
        ^
In file included from configure:11934:
In file included from /usr/local/include/mhash.h:6:
In file included from /usr/local/include/mutils/mincludes.h:34:
/usr/local/include/mutils/mhash_config.h:195:9: warning: 'PACKAGE_STRING' macro redefined [-Wmacro-redefined]
#define PACKAGE_STRING "MHASH 0.9.9"
        ^
configure:11847:9: note: previous definition is here
#define PACKAGE_STRING ""
        ^
In file included from configure:11934:
In file included from /usr/local/include/mhash.h:6:
In file included from /usr/local/include/mutils/mincludes.h:34:
/usr/local/include/mutils/mhash_config.h:198:9: warning: 'PACKAGE_TARNAME' macro redefined [-Wmacro-redefined]
#define PACKAGE_TARNAME "mhash"
        ^
configure:11845:9: note: previous definition is here
#define PACKAGE_TARNAME ""
        ^
In file included from configure:11934:
In file included from /usr/local/include/mhash.h:6:
In file included from /usr/local/include/mutils/mincludes.h:34:
/usr/local/include/mutils/mhash_config.h:201:9: warning: 'PACKAGE_VERSION' macro redefined [-Wmacro-redefined]
#define PACKAGE_VERSION "0.9.9"
        ^
configure:11846:9: note: previous definition is here
#define PACKAGE_VERSION ""
        ^
In file included from configure:11934:
In file included from /usr/local/include/mhash.h:6:
In file included from /usr/local/include/mutils/mincludes.h:34:
/usr/local/include/mutils/mhash_config.h:213:9: warning: 'VERSION' macro redefined [-Wmacro-redefined]
#define VERSION "0.9.9"
        ^
configure:11850:9: note: previous definition is here
#define VERSION "0.5.1"
        ^
7 warnings generated.
configure:11857: $? = 0
configure:11876: result: yes
configure:11912: checking for mhash.h
configure:11919: result: yes
configure:11927: checking for mcrypt_generic in -lmcrypt
configure:11958: gcc -o conftest -g -O2 -I/usr/local/include  conftest.c -lmcrypt  -lmhash -lz  >&5
configure:11961: $? = 0
configure:11964: test -s conftest
configure:11967: $? = 0
configure:11979: result: yes
configure:12000: checking mcrypt.h usability
configure:12013: gcc -c -g -O2 -I/usr/local/include conftest.c >&5
configure:12016: $? = 0
configure:12019: test -s conftest.o
configure:12022: $? = 0
configure:12032: result: yes
configure:12036: checking mcrypt.h presence
configure:12047: gcc -E -I/usr/local/include conftest.c
configure:12053: $? = 0
configure:12072: result: yes
configure:12108: checking for mcrypt.h
configure:12115: result: yes
configure:12123: checking for jpeg_read_coefficients in -ljpeg
configure:12154: gcc -o conftest -g -O2 -I/usr/local/include  conftest.c -ljpeg  -lmcrypt -lmhash -lz  >&5
configure:12157: $? = 0
configure:12160: test -s conftest
configure:12163: $? = 0
configure:12175: result: yes
configure:12196: checking jpeglib.h usability
configure:12209: gcc -c -g -O2 -I/usr/local/include conftest.c >&5
configure:12212: $? = 0
configure:12215: test -s conftest.o
configure:12218: $? = 0
configure:12228: result: yes
configure:12232: checking jpeglib.h presence
configure:12243: gcc -E -I/usr/local/include conftest.c
configure:12249: $? = 0
configure:12268: result: yes
configure:12304: checking for jpeglib.h
configure:12311: result: yes
configure:12512: creating ./config.status

## ---------------------- ##
## Running config.status. ##
## ---------------------- ##

This file was extended by config.status, which was
generated by GNU Autoconf 2.57.  Invocation command line was

  CONFIG_FILES    = 
  CONFIG_HEADERS  = 
  CONFIG_LINKS    = 
  CONFIG_COMMANDS = 
  $ ./config.status 

on Phoenixs-MacBook-Pro.local

config.status:720: creating Makefile
config.status:720: creating steghide.spec
config.status:720: creating steghide.doxygen
config.status:720: creating doc/Makefile
config.status:720: creating po/Makefile.in
config.status:720: creating src/Makefile
config.status:720: creating tests/Makefile
config.status:720: creating tests/data/Makefile
config.status:720: creating m4/Makefile
config.status:720: creating intl/Makefile
config.status:824: creating config.h
config.status:1226: executing depfiles commands
config.status:1226: executing default-1 commands

## ---------------- ##
## Cache variables. ##
## ---------------- ##

ac_cv_build=i386-apple-darwin19.6.0
ac_cv_build_alias=i386-apple-darwin19.6.0
ac_cv_c_compiler_gnu=yes
ac_cv_c_const=yes
ac_cv_c_inline=inline
ac_cv_cxx_compiler_gnu=yes
ac_cv_env_CC_set=
ac_cv_env_CC_value=
ac_cv_env_CFLAGS_set=
ac_cv_env_CFLAGS_value=
ac_cv_env_CPPFLAGS_set=
ac_cv_env_CPPFLAGS_value=
ac_cv_env_CPP_set=
ac_cv_env_CPP_value=
ac_cv_env_CXXFLAGS_set=
ac_cv_env_CXXFLAGS_value=
ac_cv_env_CXX_set=
ac_cv_env_CXX_value=
ac_cv_env_LDFLAGS_set=
ac_cv_env_LDFLAGS_value=
ac_cv_env_build_alias_set=
ac_cv_env_build_alias_value=
ac_cv_env_host_alias_set=
ac_cv_env_host_alias_value=
ac_cv_env_target_alias_set=
ac_cv_env_target_alias_value=
ac_cv_exeext=
ac_cv_file__dev_random=yes
ac_cv_file__dev_urandom=yes
ac_cv_func___argz_count=no
ac_cv_func___argz_next=no
ac_cv_func___argz_stringify=no
ac_cv_func__doprnt=no
ac_cv_func_alloca_works=yes
ac_cv_func_feof_unlocked=yes
ac_cv_func_fgets_unlocked=no
ac_cv_func_getc_unlocked=yes
ac_cv_func_getcwd=yes
ac_cv_func_getegid=yes
ac_cv_func_geteuid=yes
ac_cv_func_getgid=yes
ac_cv_func_getpagesize=yes
ac_cv_func_getuid=yes
ac_cv_func_mempcpy=no
ac_cv_func_mmap_fixed_mapped=yes
ac_cv_func_munmap=yes
ac_cv_func_putenv=yes
ac_cv_func_setenv=yes
ac_cv_func_setlocale=yes
ac_cv_func_stpcpy=yes
ac_cv_func_strcasecmp=yes
ac_cv_func_strchr=yes
ac_cv_func_strdup=yes
ac_cv_func_strtoul=yes
ac_cv_func_tcgetattr=yes
ac_cv_func_tcsetattr=yes
ac_cv_func_tsearch=yes
ac_cv_func_vprintf=yes
ac_cv_gnu_library_2_1=no
ac_cv_header_argz_h=no
ac_cv_header_inttypes_h=yes
ac_cv_header_jpeglib_h=yes
ac_cv_header_limits_h=yes
ac_cv_header_locale_h=yes
ac_cv_header_malloc_h=no
ac_cv_header_mcrypt_h=yes
ac_cv_header_memory_h=yes
ac_cv_header_mhash_h=yes
ac_cv_header_nl_types_h=yes
ac_cv_header_stdc=yes
ac_cv_header_stddef_h=yes
ac_cv_header_stdint_h=yes
ac_cv_header_stdlib_h=yes
ac_cv_header_string_h=yes
ac_cv_header_strings_h=yes
ac_cv_header_sys_param_h=yes
ac_cv_header_sys_stat_h=yes
ac_cv_header_sys_types_h=yes
ac_cv_header_sys_wait_h=yes
ac_cv_header_termios_h=yes
ac_cv_header_unistd_h=yes
ac_cv_header_zlib_h=yes
ac_cv_host=i386-apple-darwin19.6.0
ac_cv_host_alias=i386-apple-darwin19.6.0
ac_cv_lib_cposix_strerror=no
ac_cv_lib_jpeg_jpeg_read_coefficients=yes
ac_cv_lib_mcrypt_mcrypt_generic=yes
ac_cv_lib_mhash_mhash_init=yes
ac_cv_lib_z_zlibVersion=yes
ac_cv_objext=o
ac_cv_path_GMSGFMT=/usr/local/bin/msgfmt
ac_cv_path_MSGFMT=/usr/local/bin/msgfmt
ac_cv_path_MSGMERGE=/usr/local/bin/msgmerge
ac_cv_path_XGETTEXT=/usr/local/bin/xgettext
ac_cv_path_install='/usr/bin/install -c'
ac_cv_prog_AWK=awk
ac_cv_prog_CPP='gcc -E'
ac_cv_prog_INTLBISON=bison
ac_cv_prog_ac_ct_CC=gcc
ac_cv_prog_ac_ct_CXX=g++
ac_cv_prog_ac_ct_RANLIB=ranlib
ac_cv_prog_ac_cv_prog_doxygen=no
ac_cv_prog_ac_cv_prog_perl=yes
ac_cv_prog_cc_g=yes
ac_cv_prog_cc_stdc=
ac_cv_prog_cxx_g=yes
ac_cv_prog_doxygen=no
ac_cv_prog_egrep='grep -E'
ac_cv_prog_make_make_set=yes
ac_cv_prog_perl=yes
ac_cv_sizeof_int=4
ac_cv_sizeof_long_int=8
ac_cv_sizeof_short_int=2
ac_cv_sizeof_signed_char=1
ac_cv_sizeof_unsigned_char=1
ac_cv_sizeof_unsigned_int=4
ac_cv_sizeof_unsigned_long_int=8
ac_cv_sizeof_unsigned_short_int=2
ac_cv_target=i386-apple-darwin19.6.0
ac_cv_target_alias=i386-apple-darwin19.6.0
ac_cv_type_int=yes
ac_cv_type_long_int=yes
ac_cv_type_off_t=yes
ac_cv_type_short_int=yes
ac_cv_type_signed_char=yes
ac_cv_type_size_t=yes
ac_cv_type_unsigned_char=yes
ac_cv_type_unsigned_int=yes
ac_cv_type_unsigned_long_int=yes
ac_cv_type_unsigned_long_long=yes
ac_cv_type_unsigned_short_int=yes
ac_cv_working_alloca_h=yes
acl_cv_hardcode_direct=yes
acl_cv_hardcode_libdir_flag_spec=
acl_cv_hardcode_libdir_separator=
acl_cv_hardcode_minus_L=no
acl_cv_libext=a
acl_cv_path_LD=/Library/Developer/CommandLineTools/usr/bin/ld
acl_cv_prog_gnu_ld=no
acl_cv_rpath=done
acl_cv_shlibext=dylib
acl_cv_sys_lib_dlsearch_path_spec='/lib /usr/lib'
acl_cv_sys_lib_search_path_spec='/lib /usr/lib /usr/local/lib'
acl_cv_wl=-Wl,
am_cv_CC_dependencies_compiler_type=gcc3
am_cv_CXX_dependencies_compiler_type=gcc3
am_cv_func_iconv=yes
am_cv_langinfo_codeset=yes
am_cv_lib_iconv=yes
am_cv_proto_iconv='extern size_t iconv (iconv_t cd, char * *inbuf, size_t *inbytesleft, char * *outbuf, size_t *outbytesleft);'
am_cv_proto_iconv_arg1=
am_cv_val_LC_MESSAGES=yes
gt_cv_func_gnugettext1_libc=no
gt_cv_func_gnugettext1_libintl=yes
gt_cv_header_inttypes_h=yes
gt_cv_int_divbyzero_sigfpe=no
gt_cv_inttypes_pri_broken=no
jm_ac_cv_header_inttypes_h=yes
jm_ac_cv_header_stdint_h=yes
nls_cv_force_use_gnu_gettext=no
nls_cv_header_intl=
nls_cv_header_libgt=
nls_cv_use_gnu_gettext=no

## ----------------- ##
## Output variables. ##
## ----------------- ##

ACLOCAL='${SHELL} /Users/phoenixcamacho/Desktop/STEG/steghide/missing --run aclocal-1.7'
ALLOCA=''
AMDEPBACKSLASH='\'
AMDEP_FALSE='#'
AMDEP_TRUE=''
AMTAR='${SHELL} /Users/phoenixcamacho/Desktop/STEG/steghide/missing --run tar'
AUTOCONF='${SHELL} /Users/phoenixcamacho/Desktop/STEG/steghide/missing --run autoconf'
AUTOHEADER='${SHELL} /Users/phoenixcamacho/Desktop/STEG/steghide/missing --run autoheader'
AUTOMAKE='${SHELL} /Users/phoenixcamacho/Desktop/STEG/steghide/missing --run automake-1.7'
AWK='awk'
BUILD_INCLUDED_LIBINTL='no'
CATOBJEXT='.gmo'
CC='gcc'
CCDEPMODE='depmode=gcc3'
CFLAGS='-g -O2'
CPP='gcc -E'
CPPFLAGS='-I/usr/local/include'
CXX='g++'
CXXDEPMODE='depmode=gcc3'
CXXFLAGS='-O2 -Wall'
CYGPATH_W='echo'
DATADIRNAME='share'
DEFS='-DHAVE_CONFIG_H'
DEPDIR='.deps'
ECHO_C='ECHO_N=''
ECHO_T=''
EGREP='grep -E'
EXEEXT=''
GENCAT='gencat'
GLIBC21='no'
GMSGFMT='/usr/local/bin/msgfmt'
HAVE_DOXYGEN_FALSE=''
HAVE_DOXYGEN_TRUE='#'
HAVE_PERL_FALSE='#'
HAVE_PERL_TRUE=''
INSTALL_DATA='${INSTALL} -m 644'
INSTALL_PROGRAM='${INSTALL}'
INSTALL_SCRIPT='${INSTALL}'
INSTALL_STRIP_PROGRAM='${SHELL} $(install_sh) -c -s'
INSTOBJEXT='.mo'
INTLBISON='bison'
INTLLIBS='/usr/local/lib/libintl.dylib'
INTLOBJS=''
INTL_LIBTOOL_SUFFIX_PREFIX=''
LDFLAGS=''
LIBICONV='-liconv'
LIBINTL='/usr/local/lib/libintl.dylib'
LIBOBJS=''
LIBS='-ljpeg -lmcrypt -lmhash -lz '
LN_S='ln -s'
LTLIBICONV='-liconv'
LTLIBINTL='-L/usr/local/lib -lintl -R/usr/local/lib'
LTLIBOBJS=''
MAKEINFO='${SHELL} /Users/phoenixcamacho/Desktop/STEG/steghide/missing --run makeinfo'
MKINSTALLDIRS='./mkinstalldirs'
MSGFMT='/usr/local/bin/msgfmt'
MSGMERGE='/usr/local/bin/msgmerge'
OBJEXT='o'
PACKAGE='steghide'
PACKAGE_BUGREPORT=''
PACKAGE_NAME=''
PACKAGE_STRING=''
PACKAGE_TARNAME=''
PACKAGE_VERSION=''
PATH_SEPARATOR=':'
POSUB='po'
RANLIB='ranlib'
SET_MAKE=''
SHELL='/bin/sh'
STRIP=''
USE_INCLUDED_LIBINTL='no'
USE_INTLDIR_FALSE=''
USE_INTLDIR_TRUE='#'
USE_NLS='yes'
VERSION='0.5.1'
XGETTEXT='/usr/local/bin/xgettext'
ac_ct_CC='gcc'
ac_ct_CXX='g++'
ac_ct_RANLIB='ranlib'
ac_ct_STRIP=''
ac_cv_prog_doxygen='no'
ac_cv_prog_perl='yes'
am__fastdepCC_FALSE='#'
am__fastdepCC_TRUE=''
am__fastdepCXX_FALSE='#'
am__fastdepCXX_TRUE=''
am__include='include'
am__quote=''
bindir='${exec_prefix}/bin'
build='i386-apple-darwin19.6.0'
build_alias=''
build_cpu='i386'
build_os='darwin19.6.0'
build_vendor='apple'
datadir='${prefix}/share'
exec_prefix='${prefix}'
host='i386-apple-darwin19.6.0'
host_alias=''
host_cpu='i386'
host_os='darwin19.6.0'
host_vendor='apple'
includedir='${prefix}/include'
infodir='${prefix}/info'
install_sh='/Users/phoenixcamacho/Desktop/STEG/steghide/install-sh'
libdir='${exec_prefix}/lib'
libexecdir='${exec_prefix}/libexec'
localstatedir='${prefix}/var'
mandir='${prefix}/man'
oldincludedir='/usr/include'
prefix='/usr/local'
program_transform_name='s,x,x,'
sbindir='${exec_prefix}/sbin'
sharedstatedir='${prefix}/com'
sysconfdir='${prefix}/etc'
target='i386-apple-darwin19.6.0'
target_alias=''
target_cpu='i386'
target_os='darwin19.6.0'
target_vendor='apple'

## ----------- ##
## confdefs.h. ##
## ----------- ##

#define ENABLE_NLS 1
#define HAVE_ALLOCA 1
#define HAVE_ALLOCA_H 1
#define HAVE_DCGETTEXT 1
#define HAVE_DEV_RANDOM 1
#define HAVE_DEV_URANDOM 1
#define HAVE_FEOF_UNLOCKED 1
#define HAVE_GETCWD 1
#define HAVE_GETC_UNLOCKED 1
#define HAVE_GETEGID 1
#define HAVE_GETEUID 1
#define HAVE_GETGID 1
#define HAVE_GETPAGESIZE 1
#define HAVE_GETTEXT 1
#define HAVE_GETUID 1
#define HAVE_ICONV 1
#define HAVE_INTTYPES_H 1
#define HAVE_INTTYPES_H 1
#define HAVE_INTTYPES_H_WITH_UINTMAX 1
#define HAVE_LANGINFO_CODESET 1
#define HAVE_LC_MESSAGES 1
#define HAVE_LIBJPEG 1
#define HAVE_LIBMCRYPT 1
#define HAVE_LIBMHASH 1
#define HAVE_LIBZ 1
#define HAVE_LIMITS_H 1
#define HAVE_LIMITS_H 1
#define HAVE_LOCALE_H 1
#define HAVE_MEMORY_H 1
#define HAVE_MMAP 1
#define HAVE_MUNMAP 1
#define HAVE_NL_TYPES_H 1
#define HAVE_PUTENV 1
#define HAVE_SETENV 1
#define HAVE_SETLOCALE 1
#define HAVE_STDDEF_H 1
#define HAVE_STDINT_H 1
#define HAVE_STDINT_H_WITH_UINTMAX 1
#define HAVE_STDLIB_H 1
#define HAVE_STDLIB_H 1
#define HAVE_STDLIB_H 1
#define HAVE_STPCPY 1
#define HAVE_STRCASECMP 1
#define HAVE_STRCHR 1
#define HAVE_STRDUP 1
#define HAVE_STRINGS_H 1
#define HAVE_STRING_H 1
#define HAVE_STRING_H 1
#define HAVE_STRTOUL 1
#define HAVE_STRTOUL 1
#define HAVE_SYS_PARAM_H 1
#define HAVE_SYS_STAT_H 1
#define HAVE_SYS_TYPES_H 1
#define HAVE_SYS_WAIT_H 1
#define HAVE_TCGETATTR 1
#define HAVE_TCSETATTR 1
#define HAVE_TERMIOS_H 1
#define HAVE_TSEARCH 1
#define HAVE_UNISTD_H 1
#define HAVE_UNISTD_H 1
#define HAVE_UNISTD_H 1
#define HAVE_UNSIGNED_LONG_LONG 1
#define HAVE_VPRINTF 1
#define ICONV_CONST 
#define INTDIV0_RAISES_SIGFPE 0
#define PACKAGE "steghide"
#define PACKAGE_BUGREPORT ""
#define PACKAGE_NAME ""
#define PACKAGE_STRING ""
#define PACKAGE_TARNAME ""
#define PACKAGE_VERSION ""
#define SIZEOF_INT 4
#define SIZEOF_LONG_INT 8
#define SIZEOF_SHORT_INT 2
#define SIZEOF_SIGNED_CHAR 1
#define SIZEOF_UNSIGNED_CHAR 1
#define SIZEOF_UNSIGNED_INT 4
#define SIZEOF_UNSIGNED_LONG_INT 8
#define SIZEOF_UNSIGNED_SHORT_INT 2
#define STDC_HEADERS 1
#define STDC_HEADERS 1
#define TYPE_BYTE unsigned char
#define TYPE_SBYTE signed char
#define TYPE_SWORD16 short int
#define TYPE_SWORD32 int
#define TYPE_UWORD16 unsigned short int
#define TYPE_UWORD32 unsigned int
#define USE_LIBJPEG 1
#define USE_LIBMCRYPT 1
#define USE_ZLIB 1
#define VERSION "0.5.1"
#endif
#ifdef __cplusplus
#include <stdlib.h>

configure: exit 0
